<?xml version="1.0" encoding="UTF-8"?>
<coverage generated="1766534945828" clover="3.2.0">
  <project timestamp="1766534945828" name="All files">
    <metrics statements="241" coveredstatements="199" conditionals="117" coveredconditionals="74" methods="90" coveredmethods="67" elements="448" coveredelements="340" complexity="0" loc="241" ncloc="241" packages="5" files="11" classes="11"/>
    <package name="components">
      <metrics statements="58" coveredstatements="31" conditionals="28" coveredconditionals="9" methods="30" coveredmethods="12"/>
      <file name="Board.jsx" path="/home/amr/Coding/Projects/Trella/src/components/Board.jsx">
        <metrics statements="19" coveredstatements="5" conditionals="8" coveredconditionals="0" methods="7" coveredmethods="3"/>
        <line num="12" count="5" type="stmt"/>
        <line num="14" count="5" type="stmt"/>
        <line num="23" count="0" type="cond" truecount="0" falsecount="2"/>
        <line num="25" count="0" type="stmt"/>
        <line num="28" count="0" type="cond" truecount="0" falsecount="2"/>
        <line num="29" count="0" type="stmt"/>
        <line num="31" count="0" type="stmt"/>
        <line num="32" count="0" type="cond" truecount="0" falsecount="2"/>
        <line num="34" count="0" type="stmt"/>
        <line num="35" count="0" type="stmt"/>
        <line num="38" count="0" type="stmt"/>
        <line num="44" count="0" type="stmt"/>
        <line num="48" count="0" type="stmt"/>
        <line num="49" count="0" type="stmt"/>
        <line num="50" count="0" type="cond" truecount="0" falsecount="2"/>
        <line num="52" count="0" type="stmt"/>
        <line num="60" count="5" type="stmt"/>
        <line num="68" count="11" type="stmt"/>
        <line num="70" count="10" type="stmt"/>
      </file>
      <file name="Card.jsx" path="/home/amr/Coding/Projects/Trella/src/components/Card.jsx">
        <metrics statements="14" coveredstatements="9" conditionals="10" coveredconditionals="5" methods="8" coveredmethods="1"/>
        <line num="7" count="1" type="stmt"/>
        <line num="8" count="1" type="stmt"/>
        <line num="11" count="10" type="stmt"/>
        <line num="12" count="10" type="stmt"/>
        <line num="13" count="10" type="stmt"/>
        <line num="16" count="10" type="stmt"/>
        <line num="20" count="10" type="stmt"/>
        <line num="25" count="10" type="stmt"/>
        <line num="26" count="0" type="stmt"/>
        <line num="30" count="10" type="stmt"/>
        <line num="48" count="0" type="stmt"/>
        <line num="72" count="0" type="stmt"/>
        <line num="91" count="0" type="stmt"/>
        <line num="92" count="0" type="stmt"/>
      </file>
      <file name="CardDetailModal.jsx" path="/home/amr/Coding/Projects/Trella/src/components/CardDetailModal.jsx">
        <metrics statements="12" coveredstatements="8" conditionals="8" coveredconditionals="4" methods="5" coveredmethods="2"/>
        <line num="4" count="1" type="cond" truecount="1" falsecount="1"/>
        <line num="5" count="1" type="cond" truecount="1" falsecount="1"/>
        <line num="7" count="1" type="stmt"/>
        <line num="8" count="1" type="cond" truecount="1" falsecount="1"/>
        <line num="9" count="1" type="stmt"/>
        <line num="10" count="1" type="stmt"/>
        <line num="14" count="1" type="cond" truecount="1" falsecount="1"/>
        <line num="17" count="0" type="stmt"/>
        <line num="18" count="0" type="stmt"/>
        <line num="21" count="1" type="stmt"/>
        <line num="28" count="0" type="stmt"/>
        <line num="36" count="0" type="stmt"/>
      </file>
      <file name="InlineEditor.jsx" path="/home/amr/Coding/Projects/Trella/src/components/InlineEditor.jsx">
        <metrics statements="5" coveredstatements="3" conditionals="2" coveredconditionals="0" methods="4" coveredmethods="2"/>
        <line num="4" count="10" type="stmt"/>
        <line num="6" count="10" type="stmt"/>
        <line num="10" count="0" type="stmt"/>
        <line num="11" count="5" type="stmt"/>
        <line num="12" count="0" type="cond" truecount="0" falsecount="2"/>
      </file>
      <file name="ListColumn.jsx" path="/home/amr/Coding/Projects/Trella/src/components/ListColumn.jsx">
        <metrics statements="8" coveredstatements="6" conditionals="0" coveredconditionals="0" methods="6" coveredmethods="4"/>
        <line num="11" count="10" type="stmt"/>
        <line num="13" count="10" type="stmt"/>
        <line num="17" count="10" type="stmt"/>
        <line num="23" count="5" type="stmt"/>
        <line num="25" count="10" type="stmt"/>
        <line num="33" count="10" type="stmt"/>
        <line num="40" count="0" type="stmt"/>
        <line num="47" count="0" type="stmt"/>
      </file>
    </package>
    <package name="context">
      <metrics statements="58" coveredstatements="56" conditionals="40" coveredconditionals="32" methods="17" coveredmethods="17"/>
      <file name="BoardProvider.jsx" path="/home/amr/Coding/Projects/Trella/src/context/BoardProvider.jsx">
        <metrics statements="5" coveredstatements="5" conditionals="0" coveredconditionals="0" methods="2" coveredmethods="2"/>
        <line num="5" count="3" type="stmt"/>
        <line num="8" count="24" type="stmt"/>
        <line num="10" count="24" type="stmt"/>
        <line num="11" count="23" type="stmt"/>
        <line num="14" count="24" type="stmt"/>
      </file>
      <file name="boardReducer.js" path="/home/amr/Coding/Projects/Trella/src/context/boardReducer.js">
        <metrics statements="53" coveredstatements="51" conditionals="40" coveredconditionals="32" methods="15" coveredmethods="15"/>
        <line num="4" count="5" type="stmt"/>
        <line num="12" count="36" type="cond" truecount="9" falsecount="1"/>
        <line num="14" count="13" type="stmt"/>
        <line num="28" count="13" type="stmt"/>
        <line num="32" count="2" type="stmt"/>
        <line num="35" count="2" type="cond" truecount="2" falsecount="0"/>
        <line num="45" count="2" type="stmt"/>
        <line num="49" count="7" type="stmt"/>
        <line num="52" count="8" type="cond" truecount="2" falsecount="0"/>
        <line num="70" count="7" type="stmt"/>
        <line num="74" count="2" type="stmt"/>
        <line num="76" count="2" type="stmt"/>
        <line num="79" count="2" type="cond" truecount="2" falsecount="0"/>
        <line num="83" count="1" type="cond" truecount="1" falsecount="1"/>
        <line num="96" count="2" type="stmt"/>
        <line num="100" count="2" type="stmt"/>
        <line num="102" count="2" type="stmt"/>
        <line num="105" count="2" type="cond" truecount="2" falsecount="0"/>
        <line num="106" count="1" type="stmt"/>
        <line num="110" count="2" type="stmt"/>
        <line num="114" count="3" type="stmt"/>
        <line num="115" count="3" type="stmt"/>
        <line num="116" count="3" type="cond" truecount="2" falsecount="0"/>
        <line num="118" count="2" type="stmt"/>
        <line num="119" count="2" type="cond" truecount="1" falsecount="1"/>
        <line num="122" count="2" type="cond" truecount="2" falsecount="0"/>
        <line num="123" count="1" type="cond" truecount="1" falsecount="1"/>
        <line num="125" count="1" type="stmt"/>
        <line num="126" count="1" type="cond" truecount="1" falsecount="1"/>
        <line num="131" count="1" type="stmt"/>
        <line num="135" count="1" type="stmt"/>
        <line num="137" count="1" type="stmt"/>
        <line num="138" count="2" type="cond" truecount="2" falsecount="0"/>
        <line num="139" count="1" type="stmt"/>
        <line num="141" count="1" type="cond" truecount="1" falsecount="1"/>
        <line num="142" count="1" type="stmt"/>
        <line num="143" count="1" type="stmt"/>
        <line num="144" count="1" type="stmt"/>
        <line num="146" count="0" type="stmt"/>
        <line num="149" count="1" type="stmt"/>
        <line num="153" count="2" type="stmt"/>
        <line num="156" count="2" type="cond" truecount="2" falsecount="0"/>
        <line num="159" count="2" type="stmt"/>
        <line num="163" count="3" type="cond" truecount="1" falsecount="1"/>
        <line num="164" count="3" type="stmt"/>
        <line num="165" count="3" type="stmt"/>
        <line num="173" count="2" type="cond" truecount="1" falsecount="1"/>
        <line num="174" count="2" type="stmt"/>
        <line num="175" count="2" type="stmt"/>
        <line num="183" count="0" type="stmt"/>
        <line num="188" count="35" type="stmt"/>
        <line num="189" count="35" type="stmt"/>
        <line num="193" count="30" type="stmt"/>
      </file>
    </package>
    <package name="hooks">
      <metrics statements="58" coveredstatements="49" conditionals="14" coveredconditionals="9" methods="22" coveredmethods="17"/>
      <file name="useBoardState.js" path="/home/amr/Coding/Projects/Trella/src/hooks/useBoardState.js">
        <metrics statements="14" coveredstatements="14" conditionals="2" coveredconditionals="2" methods="11" coveredmethods="11"/>
        <line num="6" count="18" type="stmt"/>
        <line num="7" count="18" type="stmt"/>
        <line num="10" count="7" type="stmt"/>
        <line num="11" count="7" type="stmt"/>
        <line num="18" count="18" type="stmt"/>
        <line num="22" count="1" type="stmt"/>
        <line num="25" count="1" type="stmt"/>
        <line num="28" count="1" type="stmt"/>
        <line num="31" count="1" type="stmt"/>
        <line num="34" count="1" type="stmt"/>
        <line num="40" count="1" type="stmt"/>
        <line num="45" count="1" type="stmt"/>
        <line num="47" count="1" type="stmt"/>
        <line num="48" count="1" type="stmt"/>
      </file>
      <file name="useOfflineSync.js" path="/home/amr/Coding/Projects/Trella/src/hooks/useOfflineSync.js">
        <metrics statements="44" coveredstatements="35" conditionals="12" coveredconditionals="7" methods="11" coveredmethods="6"/>
        <line num="6" count="12" type="stmt"/>
        <line num="7" count="12" type="stmt"/>
        <line num="8" count="12" type="stmt"/>
        <line num="9" count="12" type="stmt"/>
        <line num="11" count="12" type="stmt"/>
        <line num="12" count="8" type="cond" truecount="1" falsecount="1"/>
        <line num="13" count="8" type="stmt"/>
        <line num="15" count="8" type="stmt"/>
        <line num="17" count="8" type="stmt"/>
        <line num="18" count="8" type="stmt"/>
        <line num="20" count="8" type="stmt"/>
        <line num="21" count="8" type="stmt"/>
        <line num="23" count="7" type="cond" truecount="4" falsecount="0"/>
        <line num="24" count="1" type="stmt"/>
        <line num="28" count="0" type="cond" truecount="0" falsecount="2"/>
        <line num="29" count="0" type="stmt"/>
        <line num="30" count="0" type="stmt"/>
        <line num="31" count="0" type="cond" truecount="0" falsecount="2"/>
        <line num="32" count="0" type="stmt"/>
        <line num="33" count="0" type="stmt"/>
        <line num="34" count="0" type="stmt"/>
        <line num="35" count="0" type="stmt"/>
        <line num="36" count="0" type="stmt"/>
        <line num="40" count="1" type="stmt"/>
        <line num="43" count="6" type="stmt"/>
        <line num="44" count="6" type="stmt"/>
        <line num="45" count="6" type="stmt"/>
        <line num="47" count="1" type="stmt"/>
        <line num="48" count="1" type="stmt"/>
        <line num="52" count="8" type="stmt"/>
        <line num="56" count="12" type="stmt"/>
        <line num="57" count="12" type="stmt"/>
        <line num="59" count="12" type="stmt"/>
        <line num="60" count="12" type="stmt"/>
        <line num="62" count="12" type="stmt"/>
        <line num="63" count="12" type="stmt"/>
        <line num="64" count="12" type="stmt"/>
        <line num="68" count="12" type="stmt"/>
        <line num="69" count="8" type="stmt"/>
        <line num="75" count="8" type="stmt"/>
        <line num="76" count="8" type="stmt"/>
        <line num="77" count="8" type="stmt"/>
        <line num="80" count="12" type="stmt"/>
        <line num="82" count="12" type="stmt"/>
      </file>
    </package>
    <package name="services">
      <metrics statements="54" coveredstatements="52" conditionals="27" coveredconditionals="18" methods="17" coveredmethods="17"/>
      <file name="api.js" path="/home/amr/Coding/Projects/Trella/src/services/api.js">
        <metrics statements="54" coveredstatements="52" conditionals="27" coveredconditionals="18" methods="17" coveredmethods="17"/>
        <line num="2" count="5" type="stmt"/>
        <line num="9" count="23" type="stmt"/>
        <line num="14" count="23" type="cond" truecount="1" falsecount="1"/>
        <line num="15" count="0" type="stmt"/>
        <line num="26" count="23" type="stmt"/>
        <line num="27" count="23" type="stmt"/>
        <line num="29" count="23" type="stmt"/>
        <line num="31" count="23" type="cond" truecount="6" falsecount="1"/>
        <line num="33" count="9" type="stmt"/>
        <line num="41" count="9" type="stmt"/>
        <line num="44" count="1" type="stmt"/>
        <line num="45" count="1" type="cond" truecount="1" falsecount="1"/>
        <line num="46" count="1" type="stmt"/>
        <line num="47" count="1" type="stmt"/>
        <line num="48" count="1" type="stmt"/>
        <line num="50" count="1" type="stmt"/>
        <line num="54" count="7" type="stmt"/>
        <line num="55" count="7" type="cond" truecount="1" falsecount="1"/>
        <line num="56" count="7" type="stmt"/>
        <line num="61" count="7" type="stmt"/>
        <line num="62" count="7" type="stmt"/>
        <line num="64" count="7" type="stmt"/>
        <line num="69" count="3" type="stmt"/>
        <line num="70" count="3" type="cond" truecount="1" falsecount="1"/>
        <line num="73" count="3" type="cond" truecount="2" falsecount="0"/>
        <line num="74" count="1" type="stmt"/>
        <line num="78" count="2" type="stmt"/>
        <line num="79" count="2" type="stmt"/>
        <line num="80" count="2" type="stmt"/>
        <line num="83" count="2" type="stmt"/>
        <line num="84" count="2" type="stmt"/>
        <line num="85" count="2" type="cond" truecount="1" falsecount="1"/>
        <line num="86" count="2" type="stmt"/>
        <line num="90" count="1" type="stmt"/>
        <line num="91" count="1" type="cond" truecount="1" falsecount="1"/>
        <line num="92" count="1" type="stmt"/>
        <line num="94" count="1" type="stmt"/>
        <line num="95" count="1" type="stmt"/>
        <line num="97" count="1" type="stmt"/>
        <line num="101" count="2" type="stmt"/>
        <line num="103" count="2" type="stmt"/>
        <line num="104" count="3" type="stmt"/>
        <line num="105" count="2" type="cond" truecount="3" falsecount="1"/>
        <line num="107" count="2" type="stmt"/>
        <line num="108" count="2" type="cond" truecount="1" falsecount="1"/>
        <line num="110" count="3" type="stmt"/>
        <line num="111" count="2" type="stmt"/>
        <line num="114" count="2" type="stmt"/>
        <line num="115" count="2" type="stmt"/>
        <line num="116" count="2" type="stmt"/>
        <line num="117" count="2" type="stmt"/>
        <line num="121" count="0" type="stmt"/>
        <line num="124" count="22" type="stmt"/>
        <line num="132" count="17" type="stmt"/>
      </file>
    </package>
    <package name="storage">
      <metrics statements="13" coveredstatements="11" conditionals="8" coveredconditionals="6" methods="4" coveredmethods="4"/>
      <file name="storage.js" path="/home/amr/Coding/Projects/Trella/src/storage/storage.js">
        <metrics statements="13" coveredstatements="11" conditionals="8" coveredconditionals="6" methods="4" coveredmethods="4"/>
        <line num="1" count="6" type="stmt"/>
        <line num="2" count="6" type="stmt"/>
        <line num="5" count="15" type="stmt"/>
        <line num="6" count="15" type="stmt"/>
        <line num="7" count="15" type="cond" truecount="2" falsecount="0"/>
        <line num="9" count="13" type="stmt"/>
        <line num="11" count="13" type="stmt"/>
        <line num="18" count="0" type="stmt"/>
        <line num="23" count="23" type="stmt"/>
        <line num="27" count="1" type="stmt"/>
        <line num="28" count="1" type="cond" truecount="2" falsecount="0"/>
        <line num="30" count="0" type="stmt"/>
        <line num="35" count="2" type="stmt"/>
      </file>
    </package>
  </project>
</coverage>
