{"/home/amr/Coding/Projects/Trella/src/components/Board.jsx": {"path":"/home/amr/Coding/Projects/Trella/src/components/Board.jsx","statementMap":{"0":{"start":{"line":12,"column":30},"end":{"line":12,"column":45}},"1":{"start":{"line":14,"column":18},"end":{"line":20,"column":3}},"2":{"start":{"line":23,"column":4},"end":{"line":23,"column":22}},"3":{"start":{"line":23,"column":15},"end":{"line":23,"column":22}},"4":{"start":{"line":25,"column":33},"end":{"line":25,"column":53}},"5":{"start":{"line":28,"column":4},"end":{"line":45,"column":5}},"6":{"start":{"line":29,"column":39},"end":{"line":29,"column":57}},"7":{"start":{"line":31,"column":25},"end":{"line":31,"column":67}},"8":{"start":{"line":31,"column":49},"end":{"line":31,"column":66}},"9":{"start":{"line":32,"column":6},"end":{"line":32,"column":30}},"10":{"start":{"line":32,"column":23},"end":{"line":32,"column":30}},"11":{"start":{"line":34,"column":26},"end":{"line":36,"column":7}},"12":{"start":{"line":35,"column":15},"end":{"line":35,"column":36}},"13":{"start":{"line":38,"column":6},"end":{"line":43,"column":9}},"14":{"start":{"line":44,"column":6},"end":{"line":44,"column":13}},"15":{"start":{"line":48,"column":21},"end":{"line":48,"column":28}},"16":{"start":{"line":49,"column":23},"end":{"line":49,"column":65}},"17":{"start":{"line":49,"column":47},"end":{"line":49,"column":64}},"18":{"start":{"line":50,"column":4},"end":{"line":50,"column":28}},"19":{"start":{"line":50,"column":21},"end":{"line":50,"column":28}},"20":{"start":{"line":52,"column":4},"end":{"line":57,"column":7}},"21":{"start":{"line":60,"column":2},"end":{"line":74,"column":4}},"22":{"start":{"line":68,"column":25},"end":{"line":68,"column":36}},"23":{"start":{"line":70,"column":12},"end":{"line":70,"column":52}}},"fnMap":{"0":{"name":"Board","decl":{"start":{"line":11,"column":24},"end":{"line":11,"column":29}},"loc":{"start":{"line":11,"column":32},"end":{"line":75,"column":1}},"line":11},"1":{"name":"onDragEnd","decl":{"start":{"line":22,"column":11},"end":{"line":22,"column":20}},"loc":{"start":{"line":22,"column":39},"end":{"line":58,"column":3}},"line":22},"2":{"name":"(anonymous_2)","decl":{"start":{"line":31,"column":42},"end":{"line":31,"column":43}},"loc":{"start":{"line":31,"column":49},"end":{"line":31,"column":66}},"line":31},"3":{"name":"(anonymous_3)","decl":{"start":{"line":35,"column":8},"end":{"line":35,"column":9}},"loc":{"start":{"line":35,"column":15},"end":{"line":35,"column":36}},"line":35},"4":{"name":"(anonymous_4)","decl":{"start":{"line":49,"column":40},"end":{"line":49,"column":41}},"loc":{"start":{"line":49,"column":47},"end":{"line":49,"column":64}},"line":49},"5":{"name":"(anonymous_5)","decl":{"start":{"line":68,"column":18},"end":{"line":68,"column":19}},"loc":{"start":{"line":68,"column":25},"end":{"line":68,"column":36}},"line":68},"6":{"name":"(anonymous_6)","decl":{"start":{"line":69,"column":15},"end":{"line":69,"column":16}},"loc":{"start":{"line":70,"column":12},"end":{"line":70,"column":52}},"line":70}},"branchMap":{"0":{"loc":{"start":{"line":23,"column":4},"end":{"line":23,"column":22}},"type":"if","locations":[{"start":{"line":23,"column":4},"end":{"line":23,"column":22}},{"start":{},"end":{}}],"line":23},"1":{"loc":{"start":{"line":28,"column":4},"end":{"line":45,"column":5}},"type":"if","locations":[{"start":{"line":28,"column":4},"end":{"line":45,"column":5}},{"start":{},"end":{}}],"line":28},"2":{"loc":{"start":{"line":32,"column":6},"end":{"line":32,"column":30}},"type":"if","locations":[{"start":{"line":32,"column":6},"end":{"line":32,"column":30}},{"start":{},"end":{}}],"line":32},"3":{"loc":{"start":{"line":50,"column":4},"end":{"line":50,"column":28}},"type":"if","locations":[{"start":{"line":50,"column":4},"end":{"line":50,"column":28}},{"start":{},"end":{}}],"line":50}},"s":{"0":5,"1":5,"2":0,"3":0,"4":0,"5":0,"6":0,"7":0,"8":0,"9":0,"10":0,"11":0,"12":0,"13":0,"14":0,"15":0,"16":0,"17":0,"18":0,"19":0,"20":0,"21":5,"22":11,"23":10},"f":{"0":5,"1":0,"2":0,"3":0,"4":0,"5":11,"6":10},"b":{"0":[0,0],"1":[0,0],"2":[0,0],"3":[0,0]},"_coverageSchema":"1a1c01bbd47fc00a2c39e90264f33305004495a9","hash":"47e7541c640940110578b58f6e9ebea0cb3961f7"}
,"/home/amr/Coding/Projects/Trella/src/components/Card.jsx": {"path":"/home/amr/Coding/Projects/Trella/src/components/Card.jsx","statementMap":{"0":{"start":{"line":7,"column":24},"end":{"line":7,"column":69}},"1":{"start":{"line":7,"column":41},"end":{"line":7,"column":68}},"2":{"start":{"line":8,"column":22},"end":{"line":8,"column":65}},"3":{"start":{"line":8,"column":39},"end":{"line":8,"column":64}},"4":{"start":{"line":11,"column":37},"end":{"line":11,"column":52}},"5":{"start":{"line":12,"column":26},"end":{"line":12,"column":41}},"6":{"start":{"line":13,"column":32},"end":{"line":13,"column":47}},"7":{"start":{"line":16,"column":4},"end":{"line":18,"column":6}},"8":{"start":{"line":20,"column":16},"end":{"line":23,"column":3}},"9":{"start":{"line":25,"column":15},"end":{"line":28,"column":3}},"10":{"start":{"line":26,"column":17},"end":{"line":26,"column":53}},"11":{"start":{"line":30,"column":2},"end":{"line":97,"column":4}},"12":{"start":{"line":48,"column":62},"end":{"line":48,"column":75}},"13":{"start":{"line":72,"column":27},"end":{"line":72,"column":41}},"14":{"start":{"line":91,"column":28},"end":{"line":91,"column":45}},"15":{"start":{"line":92,"column":29},"end":{"line":92,"column":56}}},"fnMap":{"0":{"name":"(anonymous_0)","decl":{"start":{"line":7,"column":35},"end":{"line":7,"column":36}},"loc":{"start":{"line":7,"column":41},"end":{"line":7,"column":68}},"line":7},"1":{"name":"(anonymous_1)","decl":{"start":{"line":8,"column":33},"end":{"line":8,"column":34}},"loc":{"start":{"line":8,"column":39},"end":{"line":8,"column":64}},"line":8},"2":{"name":"Card","decl":{"start":{"line":10,"column":9},"end":{"line":10,"column":13}},"loc":{"start":{"line":10,"column":32},"end":{"line":98,"column":1}},"line":10},"3":{"name":"(anonymous_3)","decl":{"start":{"line":26,"column":4},"end":{"line":26,"column":5}},"loc":{"start":{"line":26,"column":17},"end":{"line":26,"column":53}},"line":26},"4":{"name":"(anonymous_4)","decl":{"start":{"line":48,"column":56},"end":{"line":48,"column":57}},"loc":{"start":{"line":48,"column":62},"end":{"line":48,"column":75}},"line":48},"5":{"name":"(anonymous_5)","decl":{"start":{"line":72,"column":21},"end":{"line":72,"column":22}},"loc":{"start":{"line":72,"column":27},"end":{"line":72,"column":41}},"line":72},"6":{"name":"(anonymous_6)","decl":{"start":{"line":91,"column":22},"end":{"line":91,"column":23}},"loc":{"start":{"line":91,"column":28},"end":{"line":91,"column":45}},"line":91},"7":{"name":"(anonymous_7)","decl":{"start":{"line":92,"column":23},"end":{"line":92,"column":24}},"loc":{"start":{"line":92,"column":29},"end":{"line":92,"column":56}},"line":92}},"branchMap":{"0":{"loc":{"start":{"line":51,"column":11},"end":{"line":55,"column":11}},"type":"binary-expr","locations":[{"start":{"line":51,"column":11},"end":{"line":51,"column":27}},{"start":{"line":52,"column":12},"end":{"line":54,"column":18}}],"line":51},"1":{"loc":{"start":{"line":62,"column":10},"end":{"line":66,"column":11}},"type":"binary-expr","locations":[{"start":{"line":62,"column":10},"end":{"line":62,"column":14}},{"start":{"line":63,"column":12},"end":{"line":65,"column":18}}],"line":62},"2":{"loc":{"start":{"line":69,"column":9},"end":{"line":75,"column":9}},"type":"binary-expr","locations":[{"start":{"line":69,"column":9},"end":{"line":69,"column":13}},{"start":{"line":70,"column":10},"end":{"line":74,"column":12}}],"line":69},"3":{"loc":{"start":{"line":81,"column":10},"end":{"line":85,"column":11}},"type":"binary-expr","locations":[{"start":{"line":81,"column":10},"end":{"line":81,"column":17}},{"start":{"line":82,"column":12},"end":{"line":84,"column":18}}],"line":81},"4":{"loc":{"start":{"line":88,"column":9},"end":{"line":94,"column":9}},"type":"binary-expr","locations":[{"start":{"line":88,"column":9},"end":{"line":88,"column":16}},{"start":{"line":89,"column":10},"end":{"line":93,"column":12}}],"line":88}},"s":{"0":1,"1":0,"2":1,"3":0,"4":10,"5":10,"6":10,"7":10,"8":10,"9":10,"10":0,"11":10,"12":0,"13":0,"14":0,"15":0},"f":{"0":0,"1":0,"2":10,"3":0,"4":0,"5":0,"6":0,"7":0},"b":{"0":[10,0],"1":[10,0],"2":[10,0],"3":[10,0],"4":[10,0]},"_coverageSchema":"1a1c01bbd47fc00a2c39e90264f33305004495a9","hash":"491bac6fc63fb9d950e7018dbf6e2ad35caccba5"}
,"/home/amr/Coding/Projects/Trella/src/components/CardDetailModal.jsx": {"path":"/home/amr/Coding/Projects/Trella/src/components/CardDetailModal.jsx","statementMap":{"0":{"start":{"line":4,"column":28},"end":{"line":4,"column":55}},"1":{"start":{"line":5,"column":40},"end":{"line":5,"column":73}},"2":{"start":{"line":7,"column":2},"end":{"line":12,"column":13}},"3":{"start":{"line":8,"column":4},"end":{"line":11,"column":5}},"4":{"start":{"line":9,"column":6},"end":{"line":9,"column":27}},"5":{"start":{"line":10,"column":6},"end":{"line":10,"column":39}},"6":{"start":{"line":14,"column":2},"end":{"line":14,"column":25}},"7":{"start":{"line":14,"column":13},"end":{"line":14,"column":25}},"8":{"start":{"line":17,"column":4},"end":{"line":17,"column":35}},"9":{"start":{"line":18,"column":4},"end":{"line":18,"column":14}},"10":{"start":{"line":21,"column":2},"end":{"line":46,"column":4}},"11":{"start":{"line":28,"column":27},"end":{"line":28,"column":51}},"12":{"start":{"line":36,"column":27},"end":{"line":36,"column":57}}},"fnMap":{"0":{"name":"CardDetailModal","decl":{"start":{"line":3,"column":24},"end":{"line":3,"column":39}},"loc":{"start":{"line":3,"column":67},"end":{"line":47,"column":1}},"line":3},"1":{"name":"(anonymous_1)","decl":{"start":{"line":7,"column":12},"end":{"line":7,"column":13}},"loc":{"start":{"line":7,"column":18},"end":{"line":12,"column":3}},"line":7},"2":{"name":"handleClose","decl":{"start":{"line":16,"column":11},"end":{"line":16,"column":22}},"loc":{"start":{"line":16,"column":25},"end":{"line":19,"column":3}},"line":16},"3":{"name":"(anonymous_3)","decl":{"start":{"line":28,"column":20},"end":{"line":28,"column":21}},"loc":{"start":{"line":28,"column":27},"end":{"line":28,"column":51}},"line":28},"4":{"name":"(anonymous_4)","decl":{"start":{"line":36,"column":20},"end":{"line":36,"column":21}},"loc":{"start":{"line":36,"column":27},"end":{"line":36,"column":57}},"line":36}},"branchMap":{"0":{"loc":{"start":{"line":4,"column":37},"end":{"line":4,"column":54}},"type":"binary-expr","locations":[{"start":{"line":4,"column":37},"end":{"line":4,"column":48}},{"start":{"line":4,"column":52},"end":{"line":4,"column":54}}],"line":4},"1":{"loc":{"start":{"line":5,"column":49},"end":{"line":5,"column":72}},"type":"binary-expr","locations":[{"start":{"line":5,"column":49},"end":{"line":5,"column":66}},{"start":{"line":5,"column":70},"end":{"line":5,"column":72}}],"line":5},"2":{"loc":{"start":{"line":8,"column":4},"end":{"line":11,"column":5}},"type":"if","locations":[{"start":{"line":8,"column":4},"end":{"line":11,"column":5}},{"start":{},"end":{}}],"line":8},"3":{"loc":{"start":{"line":14,"column":2},"end":{"line":14,"column":25}},"type":"if","locations":[{"start":{"line":14,"column":2},"end":{"line":14,"column":25}},{"start":{},"end":{}}],"line":14}},"s":{"0":1,"1":1,"2":1,"3":1,"4":1,"5":1,"6":1,"7":0,"8":0,"9":0,"10":1,"11":0,"12":0},"f":{"0":1,"1":1,"2":0,"3":0,"4":0},"b":{"0":[1,0],"1":[1,0],"2":[1,0],"3":[0,1]},"_coverageSchema":"1a1c01bbd47fc00a2c39e90264f33305004495a9","hash":"c56cd83a67e3f963856575ed3910cdd98e94f88b"}
,"/home/amr/Coding/Projects/Trella/src/components/InlineEditor.jsx": {"path":"/home/amr/Coding/Projects/Trella/src/components/InlineEditor.jsx","statementMap":{"0":{"start":{"line":4,"column":26},"end":{"line":4,"column":41}},"1":{"start":{"line":6,"column":2},"end":{"line":15,"column":4}},"2":{"start":{"line":10,"column":23},"end":{"line":10,"column":46}},"3":{"start":{"line":11,"column":20},"end":{"line":11,"column":32}},"4":{"start":{"line":12,"column":24},"end":{"line":12,"column":57}}},"fnMap":{"0":{"name":"InlineEditor","decl":{"start":{"line":3,"column":24},"end":{"line":3,"column":36}},"loc":{"start":{"line":3,"column":56},"end":{"line":16,"column":1}},"line":3},"1":{"name":"(anonymous_1)","decl":{"start":{"line":10,"column":16},"end":{"line":10,"column":17}},"loc":{"start":{"line":10,"column":23},"end":{"line":10,"column":46}},"line":10},"2":{"name":"(anonymous_2)","decl":{"start":{"line":11,"column":14},"end":{"line":11,"column":15}},"loc":{"start":{"line":11,"column":20},"end":{"line":11,"column":32}},"line":11},"3":{"name":"(anonymous_3)","decl":{"start":{"line":12,"column":17},"end":{"line":12,"column":18}},"loc":{"start":{"line":12,"column":24},"end":{"line":12,"column":57}},"line":12}},"branchMap":{"0":{"loc":{"start":{"line":12,"column":24},"end":{"line":12,"column":57}},"type":"binary-expr","locations":[{"start":{"line":12,"column":24},"end":{"line":12,"column":41}},{"start":{"line":12,"column":45},"end":{"line":12,"column":57}}],"line":12}},"s":{"0":10,"1":10,"2":0,"3":5,"4":0},"f":{"0":10,"1":0,"2":5,"3":0},"b":{"0":[0,0]},"_coverageSchema":"1a1c01bbd47fc00a2c39e90264f33305004495a9","hash":"d7678fb6338aff32d059c888a8907fe5bfdb4ab4"}
,"/home/amr/Coding/Projects/Trella/src/components/ListColumn.jsx": {"path":"/home/amr/Coding/Projects/Trella/src/components/ListColumn.jsx","statementMap":{"0":{"start":{"line":11,"column":47},"end":{"line":11,"column":62}},"1":{"start":{"line":13,"column":25},"end":{"line":15,"column":4}},"2":{"start":{"line":17,"column":2},"end":{"line":52,"column":4}},"3":{"start":{"line":23,"column":54},"end":{"line":23,"column":76}},"4":{"start":{"line":25,"column":37},"end":{"line":25,"column":57}},"5":{"start":{"line":33,"column":12},"end":{"line":33,"column":63}},"6":{"start":{"line":40,"column":23},"end":{"line":40,"column":51}},"7":{"start":{"line":47,"column":23},"end":{"line":47,"column":43}}},"fnMap":{"0":{"name":"ListColumn","decl":{"start":{"line":10,"column":24},"end":{"line":10,"column":34}},"loc":{"start":{"line":10,"column":45},"end":{"line":53,"column":1}},"line":10},"1":{"name":"(anonymous_1)","decl":{"start":{"line":23,"column":47},"end":{"line":23,"column":48}},"loc":{"start":{"line":23,"column":54},"end":{"line":23,"column":76}},"line":23},"2":{"name":"(anonymous_2)","decl":{"start":{"line":25,"column":30},"end":{"line":25,"column":31}},"loc":{"start":{"line":25,"column":37},"end":{"line":25,"column":57}},"line":25},"3":{"name":"(anonymous_3)","decl":{"start":{"line":32,"column":26},"end":{"line":32,"column":27}},"loc":{"start":{"line":33,"column":12},"end":{"line":33,"column":63}},"line":33},"4":{"name":"(anonymous_4)","decl":{"start":{"line":40,"column":17},"end":{"line":40,"column":18}},"loc":{"start":{"line":40,"column":23},"end":{"line":40,"column":51}},"line":40},"5":{"name":"(anonymous_5)","decl":{"start":{"line":47,"column":17},"end":{"line":47,"column":18}},"loc":{"start":{"line":47,"column":23},"end":{"line":47,"column":43}},"line":47}},"branchMap":{},"s":{"0":10,"1":10,"2":10,"3":5,"4":10,"5":10,"6":0,"7":0},"f":{"0":10,"1":5,"2":10,"3":10,"4":0,"5":0},"b":{},"_coverageSchema":"1a1c01bbd47fc00a2c39e90264f33305004495a9","hash":"f2f6d22121fd8c66e735d3331bcc334d6936d40d"}
,"/home/amr/Coding/Projects/Trella/src/context/BoardProvider.jsx": {"path":"/home/amr/Coding/Projects/Trella/src/context/BoardProvider.jsx","statementMap":{"0":{"start":{"line":5,"column":28},"end":{"line":5,"column":47}},"1":{"start":{"line":8,"column":28},"end":{"line":8,"column":77}},"2":{"start":{"line":10,"column":2},"end":{"line":12,"column":14}},"3":{"start":{"line":11,"column":4},"end":{"line":11,"column":21}},"4":{"start":{"line":14,"column":2},"end":{"line":18,"column":4}}},"fnMap":{"0":{"name":"BoardProvider","decl":{"start":{"line":7,"column":16},"end":{"line":7,"column":29}},"loc":{"start":{"line":7,"column":44},"end":{"line":19,"column":1}},"line":7},"1":{"name":"(anonymous_1)","decl":{"start":{"line":10,"column":12},"end":{"line":10,"column":13}},"loc":{"start":{"line":10,"column":18},"end":{"line":12,"column":3}},"line":10}},"branchMap":{},"s":{"0":3,"1":24,"2":24,"3":23,"4":24},"f":{"0":24,"1":23},"b":{},"_coverageSchema":"1a1c01bbd47fc00a2c39e90264f33305004495a9","hash":"311f1b0f3c02272e133466218453fdb0df946b3c"}
,"/home/amr/Coding/Projects/Trella/src/context/boardReducer.js": {"path":"/home/amr/Coding/Projects/Trella/src/context/boardReducer.js","statementMap":{"0":{"start":{"line":4,"column":28},"end":{"line":9,"column":1}},"1":{"start":{"line":12,"column":2},"end":{"line":184,"column":3}},"2":{"start":{"line":14,"column":23},"end":{"line":27,"column":7}},"3":{"start":{"line":28,"column":6},"end":{"line":28,"column":42}},"4":{"start":{"line":32,"column":23},"end":{"line":44,"column":7}},"5":{"start":{"line":35,"column":10},"end":{"line":42,"column":15}},"6":{"start":{"line":45,"column":6},"end":{"line":45,"column":42}},"7":{"start":{"line":49,"column":23},"end":{"line":69,"column":7}},"8":{"start":{"line":52,"column":10},"end":{"line":67,"column":15}},"9":{"start":{"line":70,"column":6},"end":{"line":70,"column":42}},"10":{"start":{"line":74,"column":42},"end":{"line":74,"column":56}},"11":{"start":{"line":76,"column":23},"end":{"line":95,"column":7}},"12":{"start":{"line":79,"column":10},"end":{"line":93,"column":15}},"13":{"start":{"line":83,"column":18},"end":{"line":90,"column":23}},"14":{"start":{"line":96,"column":6},"end":{"line":96,"column":42}},"15":{"start":{"line":100,"column":33},"end":{"line":100,"column":47}},"16":{"start":{"line":102,"column":23},"end":{"line":109,"column":7}},"17":{"start":{"line":105,"column":10},"end":{"line":107,"column":15}},"18":{"start":{"line":106,"column":51},"end":{"line":106,"column":66}},"19":{"start":{"line":110,"column":6},"end":{"line":110,"column":42}},"20":{"start":{"line":114,"column":52},"end":{"line":114,"column":66}},"21":{"start":{"line":115,"column":25},"end":{"line":115,"column":67}},"22":{"start":{"line":115,"column":49},"end":{"line":115,"column":66}},"23":{"start":{"line":116,"column":6},"end":{"line":116,"column":36}},"24":{"start":{"line":116,"column":23},"end":{"line":116,"column":36}},"25":{"start":{"line":118,"column":24},"end":{"line":118,"column":74}},"26":{"start":{"line":118,"column":58},"end":{"line":118,"column":73}},"27":{"start":{"line":119,"column":6},"end":{"line":119,"column":41}},"28":{"start":{"line":119,"column":28},"end":{"line":119,"column":41}},"29":{"start":{"line":122,"column":6},"end":{"line":132,"column":7}},"30":{"start":{"line":123,"column":8},"end":{"line":123,"column":48}},"31":{"start":{"line":123,"column":35},"end":{"line":123,"column":48}},"32":{"start":{"line":125,"column":25},"end":{"line":129,"column":9}},"33":{"start":{"line":126,"column":10},"end":{"line":128,"column":69}},"34":{"start":{"line":131,"column":8},"end":{"line":131,"column":65}},"35":{"start":{"line":135,"column":19},"end":{"line":135,"column":46}},"36":{"start":{"line":137,"column":23},"end":{"line":147,"column":8}},"37":{"start":{"line":138,"column":8},"end":{"line":140,"column":9}},"38":{"start":{"line":139,"column":10},"end":{"line":139,"column":73}},"39":{"start":{"line":139,"column":54},"end":{"line":139,"column":69}},"40":{"start":{"line":141,"column":8},"end":{"line":145,"column":9}},"41":{"start":{"line":142,"column":24},"end":{"line":142,"column":36}},"42":{"start":{"line":143,"column":10},"end":{"line":143,"column":41}},"43":{"start":{"line":144,"column":10},"end":{"line":144,"column":33}},"44":{"start":{"line":146,"column":8},"end":{"line":146,"column":17}},"45":{"start":{"line":149,"column":6},"end":{"line":149,"column":63}},"46":{"start":{"line":153,"column":23},"end":{"line":158,"column":7}},"47":{"start":{"line":156,"column":10},"end":{"line":156,"column":64}},"48":{"start":{"line":159,"column":6},"end":{"line":159,"column":42}},"49":{"start":{"line":163,"column":6},"end":{"line":163,"column":46}},"50":{"start":{"line":163,"column":33},"end":{"line":163,"column":46}},"51":{"start":{"line":164,"column":19},"end":{"line":164,"column":58}},"52":{"start":{"line":165,"column":6},"end":{"line":169,"column":8}},"53":{"start":{"line":173,"column":6},"end":{"line":173,"column":45}},"54":{"start":{"line":173,"column":32},"end":{"line":173,"column":45}},"55":{"start":{"line":174,"column":19},"end":{"line":174,"column":34}},"56":{"start":{"line":175,"column":6},"end":{"line":179,"column":8}},"57":{"start":{"line":183,"column":6},"end":{"line":183,"column":19}},"58":{"start":{"line":188,"column":22},"end":{"line":188,"column":27}},"59":{"start":{"line":189,"column":2},"end":{"line":189,"column":14}},"60":{"start":{"line":193,"column":2},"end":{"line":197,"column":4}}},"fnMap":{"0":{"name":"boardReducer","decl":{"start":{"line":11,"column":16},"end":{"line":11,"column":28}},"loc":{"start":{"line":11,"column":44},"end":{"line":185,"column":1}},"line":11},"1":{"name":"(anonymous_1)","decl":{"start":{"line":34,"column":31},"end":{"line":34,"column":32}},"loc":{"start":{"line":35,"column":10},"end":{"line":42,"column":15}},"line":35},"2":{"name":"(anonymous_2)","decl":{"start":{"line":51,"column":31},"end":{"line":51,"column":32}},"loc":{"start":{"line":52,"column":10},"end":{"line":67,"column":15}},"line":52},"3":{"name":"(anonymous_3)","decl":{"start":{"line":78,"column":31},"end":{"line":78,"column":32}},"loc":{"start":{"line":79,"column":10},"end":{"line":93,"column":15}},"line":79},"4":{"name":"(anonymous_4)","decl":{"start":{"line":82,"column":35},"end":{"line":82,"column":36}},"loc":{"start":{"line":83,"column":18},"end":{"line":90,"column":23}},"line":83},"5":{"name":"(anonymous_5)","decl":{"start":{"line":104,"column":31},"end":{"line":104,"column":32}},"loc":{"start":{"line":105,"column":10},"end":{"line":107,"column":15}},"line":105},"6":{"name":"(anonymous_6)","decl":{"start":{"line":106,"column":44},"end":{"line":106,"column":45}},"loc":{"start":{"line":106,"column":51},"end":{"line":106,"column":66}},"line":106},"7":{"name":"(anonymous_7)","decl":{"start":{"line":115,"column":42},"end":{"line":115,"column":43}},"loc":{"start":{"line":115,"column":49},"end":{"line":115,"column":66}},"line":115},"8":{"name":"(anonymous_8)","decl":{"start":{"line":118,"column":51},"end":{"line":118,"column":52}},"loc":{"start":{"line":118,"column":58},"end":{"line":118,"column":73}},"line":118},"9":{"name":"(anonymous_9)","decl":{"start":{"line":125,"column":41},"end":{"line":125,"column":42}},"loc":{"start":{"line":126,"column":10},"end":{"line":128,"column":69}},"line":126},"10":{"name":"(anonymous_10)","decl":{"start":{"line":137,"column":39},"end":{"line":137,"column":40}},"loc":{"start":{"line":137,"column":46},"end":{"line":147,"column":7}},"line":137},"11":{"name":"(anonymous_11)","decl":{"start":{"line":139,"column":47},"end":{"line":139,"column":48}},"loc":{"start":{"line":139,"column":54},"end":{"line":139,"column":69}},"line":139},"12":{"name":"(anonymous_12)","decl":{"start":{"line":155,"column":31},"end":{"line":155,"column":32}},"loc":{"start":{"line":156,"column":10},"end":{"line":156,"column":64}},"line":156},"13":{"name":"stripHistory","decl":{"start":{"line":187,"column":9},"end":{"line":187,"column":21}},"loc":{"start":{"line":187,"column":29},"end":{"line":190,"column":1}},"line":187},"14":{"name":"pushHistory","decl":{"start":{"line":192,"column":9},"end":{"line":192,"column":20}},"loc":{"start":{"line":192,"column":33},"end":{"line":198,"column":1}},"line":192}},"branchMap":{"0":{"loc":{"start":{"line":12,"column":2},"end":{"line":184,"column":3}},"type":"switch","locations":[{"start":{"line":13,"column":4},"end":{"line":29,"column":5}},{"start":{"line":31,"column":4},"end":{"line":46,"column":5}},{"start":{"line":48,"column":4},"end":{"line":71,"column":5}},{"start":{"line":73,"column":4},"end":{"line":97,"column":5}},{"start":{"line":99,"column":4},"end":{"line":111,"column":5}},{"start":{"line":113,"column":4},"end":{"line":150,"column":5}},{"start":{"line":152,"column":4},"end":{"line":160,"column":5}},{"start":{"line":162,"column":4},"end":{"line":170,"column":5}},{"start":{"line":172,"column":4},"end":{"line":180,"column":5}},{"start":{"line":182,"column":4},"end":{"line":183,"column":19}}],"line":12},"1":{"loc":{"start":{"line":35,"column":10},"end":{"line":42,"column":15}},"type":"cond-expr","locations":[{"start":{"line":36,"column":14},"end":{"line":41,"column":15}},{"start":{"line":42,"column":14},"end":{"line":42,"column":15}}],"line":35},"2":{"loc":{"start":{"line":52,"column":10},"end":{"line":67,"column":15}},"type":"cond-expr","locations":[{"start":{"line":53,"column":14},"end":{"line":66,"column":15}},{"start":{"line":67,"column":14},"end":{"line":67,"column":15}}],"line":52},"3":{"loc":{"start":{"line":79,"column":10},"end":{"line":93,"column":15}},"type":"cond-expr","locations":[{"start":{"line":80,"column":14},"end":{"line":92,"column":15}},{"start":{"line":93,"column":14},"end":{"line":93,"column":15}}],"line":79},"4":{"loc":{"start":{"line":83,"column":18},"end":{"line":90,"column":23}},"type":"cond-expr","locations":[{"start":{"line":84,"column":22},"end":{"line":89,"column":23}},{"start":{"line":90,"column":22},"end":{"line":90,"column":23}}],"line":83},"5":{"loc":{"start":{"line":105,"column":10},"end":{"line":107,"column":15}},"type":"cond-expr","locations":[{"start":{"line":106,"column":14},"end":{"line":106,"column":69}},{"start":{"line":107,"column":14},"end":{"line":107,"column":15}}],"line":105},"6":{"loc":{"start":{"line":116,"column":6},"end":{"line":116,"column":36}},"type":"if","locations":[{"start":{"line":116,"column":6},"end":{"line":116,"column":36}},{"start":{},"end":{}}],"line":116},"7":{"loc":{"start":{"line":119,"column":6},"end":{"line":119,"column":41}},"type":"if","locations":[{"start":{"line":119,"column":6},"end":{"line":119,"column":41}},{"start":{},"end":{}}],"line":119},"8":{"loc":{"start":{"line":122,"column":6},"end":{"line":132,"column":7}},"type":"if","locations":[{"start":{"line":122,"column":6},"end":{"line":132,"column":7}},{"start":{},"end":{}}],"line":122},"9":{"loc":{"start":{"line":123,"column":8},"end":{"line":123,"column":48}},"type":"if","locations":[{"start":{"line":123,"column":8},"end":{"line":123,"column":48}},{"start":{},"end":{}}],"line":123},"10":{"loc":{"start":{"line":126,"column":10},"end":{"line":128,"column":69}},"type":"cond-expr","locations":[{"start":{"line":127,"column":14},"end":{"line":127,"column":15}},{"start":{"line":128,"column":14},"end":{"line":128,"column":69}}],"line":126},"11":{"loc":{"start":{"line":138,"column":8},"end":{"line":140,"column":9}},"type":"if","locations":[{"start":{"line":138,"column":8},"end":{"line":140,"column":9}},{"start":{},"end":{}}],"line":138},"12":{"loc":{"start":{"line":141,"column":8},"end":{"line":145,"column":9}},"type":"if","locations":[{"start":{"line":141,"column":8},"end":{"line":145,"column":9}},{"start":{},"end":{}}],"line":141},"13":{"loc":{"start":{"line":156,"column":10},"end":{"line":156,"column":64}},"type":"cond-expr","locations":[{"start":{"line":156,"column":36},"end":{"line":156,"column":60}},{"start":{"line":156,"column":63},"end":{"line":156,"column":64}}],"line":156},"14":{"loc":{"start":{"line":163,"column":6},"end":{"line":163,"column":46}},"type":"if","locations":[{"start":{"line":163,"column":6},"end":{"line":163,"column":46}},{"start":{},"end":{}}],"line":163},"15":{"loc":{"start":{"line":173,"column":6},"end":{"line":173,"column":45}},"type":"if","locations":[{"start":{"line":173,"column":6},"end":{"line":173,"column":45}},{"start":{},"end":{}}],"line":173}},"s":{"0":5,"1":36,"2":13,"3":13,"4":2,"5":2,"6":2,"7":7,"8":8,"9":7,"10":2,"11":2,"12":2,"13":1,"14":2,"15":2,"16":2,"17":2,"18":1,"19":2,"20":3,"21":3,"22":3,"23":3,"24":1,"25":2,"26":2,"27":2,"28":0,"29":2,"30":1,"31":0,"32":1,"33":1,"34":1,"35":1,"36":1,"37":2,"38":1,"39":1,"40":1,"41":1,"42":1,"43":1,"44":0,"45":1,"46":2,"47":2,"48":2,"49":3,"50":0,"51":3,"52":3,"53":2,"54":0,"55":2,"56":2,"57":0,"58":35,"59":35,"60":30},"f":{"0":36,"1":2,"2":8,"3":2,"4":1,"5":2,"6":1,"7":3,"8":2,"9":1,"10":2,"11":1,"12":2,"13":35,"14":30},"b":{"0":[13,2,7,2,2,3,2,3,2,0],"1":[1,1],"2":[6,2],"3":[1,1],"4":[1,0],"5":[1,1],"6":[1,2],"7":[0,2],"8":[1,1],"9":[0,1],"10":[0,1],"11":[1,1],"12":[1,0],"13":[1,1],"14":[0,3],"15":[0,2]},"_coverageSchema":"1a1c01bbd47fc00a2c39e90264f33305004495a9","hash":"84fe623f7d0b2218f3457ae9ac6fb4239b10a941"}
,"/home/amr/Coding/Projects/Trella/src/hooks/useBoardState.js": {"path":"/home/amr/Coding/Projects/Trella/src/hooks/useBoardState.js","statementMap":{"0":{"start":{"line":6,"column":30},"end":{"line":6,"column":54}},"1":{"start":{"line":7,"column":22},"end":{"line":7,"column":38}},"2":{"start":{"line":10,"column":4},"end":{"line":10,"column":21}},"3":{"start":{"line":11,"column":4},"end":{"line":15,"column":7}},"4":{"start":{"line":18,"column":2},"end":{"line":49,"column":4}},"5":{"start":{"line":22,"column":6},"end":{"line":22,"column":73}},"6":{"start":{"line":25,"column":6},"end":{"line":25,"column":73}},"7":{"start":{"line":28,"column":6},"end":{"line":28,"column":63}},"8":{"start":{"line":31,"column":6},"end":{"line":31,"column":74}},"9":{"start":{"line":34,"column":6},"end":{"line":37,"column":8}},"10":{"start":{"line":40,"column":6},"end":{"line":43,"column":8}},"11":{"start":{"line":45,"column":27},"end":{"line":45,"column":77}},"12":{"start":{"line":47,"column":16},"end":{"line":47,"column":42}},"13":{"start":{"line":48,"column":16},"end":{"line":48,"column":42}}},"fnMap":{"0":{"name":"useBoardState","decl":{"start":{"line":5,"column":16},"end":{"line":5,"column":29}},"loc":{"start":{"line":5,"column":32},"end":{"line":50,"column":1}},"line":5},"1":{"name":"optimisticDispatch","decl":{"start":{"line":9,"column":11},"end":{"line":9,"column":29}},"loc":{"start":{"line":9,"column":53},"end":{"line":16,"column":3}},"line":9},"2":{"name":"(anonymous_2)","decl":{"start":{"line":21,"column":13},"end":{"line":21,"column":14}},"loc":{"start":{"line":22,"column":6},"end":{"line":22,"column":73}},"line":22},"3":{"name":"(anonymous_3)","decl":{"start":{"line":24,"column":16},"end":{"line":24,"column":17}},"loc":{"start":{"line":25,"column":6},"end":{"line":25,"column":73}},"line":25},"4":{"name":"(anonymous_4)","decl":{"start":{"line":27,"column":17},"end":{"line":27,"column":18}},"loc":{"start":{"line":28,"column":6},"end":{"line":28,"column":63}},"line":28},"5":{"name":"(anonymous_5)","decl":{"start":{"line":30,"column":13},"end":{"line":30,"column":14}},"loc":{"start":{"line":31,"column":6},"end":{"line":31,"column":74}},"line":31},"6":{"name":"(anonymous_6)","decl":{"start":{"line":33,"column":16},"end":{"line":33,"column":17}},"loc":{"start":{"line":34,"column":6},"end":{"line":37,"column":8}},"line":34},"7":{"name":"(anonymous_7)","decl":{"start":{"line":39,"column":16},"end":{"line":39,"column":17}},"loc":{"start":{"line":40,"column":6},"end":{"line":43,"column":8}},"line":40},"8":{"name":"(anonymous_8)","decl":{"start":{"line":45,"column":14},"end":{"line":45,"column":15}},"loc":{"start":{"line":45,"column":27},"end":{"line":45,"column":77}},"line":45},"9":{"name":"(anonymous_9)","decl":{"start":{"line":47,"column":10},"end":{"line":47,"column":11}},"loc":{"start":{"line":47,"column":16},"end":{"line":47,"column":42}},"line":47},"10":{"name":"(anonymous_10)","decl":{"start":{"line":48,"column":10},"end":{"line":48,"column":11}},"loc":{"start":{"line":48,"column":16},"end":{"line":48,"column":42}},"line":48}},"branchMap":{"0":{"loc":{"start":{"line":13,"column":15},"end":{"line":13,"column":46}},"type":"binary-expr","locations":[{"start":{"line":13,"column":15},"end":{"line":13,"column":28}},{"start":{"line":13,"column":32},"end":{"line":13,"column":46}}],"line":13}},"s":{"0":18,"1":18,"2":7,"3":7,"4":18,"5":1,"6":1,"7":1,"8":1,"9":1,"10":1,"11":1,"12":1,"13":1},"f":{"0":18,"1":7,"2":1,"3":1,"4":1,"5":1,"6":1,"7":1,"8":1,"9":1,"10":1},"b":{"0":[7,6]},"_coverageSchema":"1a1c01bbd47fc00a2c39e90264f33305004495a9","hash":"b99d09b50d868a72535cbae6ad22b0ea47be06d8"}
,"/home/amr/Coding/Projects/Trella/src/hooks/useOfflineSync.js": {"path":"/home/amr/Coding/Projects/Trella/src/hooks/useOfflineSync.js","statementMap":{"0":{"start":{"line":6,"column":19},"end":{"line":6,"column":38}},"1":{"start":{"line":7,"column":21},"end":{"line":7,"column":34}},"2":{"start":{"line":8,"column":22},"end":{"line":8,"column":33}},"3":{"start":{"line":9,"column":26},"end":{"line":9,"column":38}},"4":{"start":{"line":11,"column":23},"end":{"line":53,"column":18}},"5":{"start":{"line":12,"column":4},"end":{"line":12,"column":35}},"6":{"start":{"line":12,"column":28},"end":{"line":12,"column":35}},"7":{"start":{"line":13,"column":4},"end":{"line":13,"column":30}},"8":{"start":{"line":15,"column":16},"end":{"line":15,"column":37}},"9":{"start":{"line":17,"column":4},"end":{"line":50,"column":5}},"10":{"start":{"line":18,"column":17},"end":{"line":18,"column":25}},"11":{"start":{"line":20,"column":6},"end":{"line":49,"column":7}},"12":{"start":{"line":21,"column":20},"end":{"line":21,"column":43}},"13":{"start":{"line":23,"column":8},"end":{"line":41,"column":9}},"14":{"start":{"line":24,"column":10},"end":{"line":39,"column":13}},"15":{"start":{"line":28,"column":14},"end":{"line":37,"column":15}},"16":{"start":{"line":29,"column":16},"end":{"line":29,"column":38}},"17":{"start":{"line":29,"column":31},"end":{"line":29,"column":36}},"18":{"start":{"line":30,"column":16},"end":{"line":30,"column":63}},"19":{"start":{"line":30,"column":33},"end":{"line":30,"column":58}},"20":{"start":{"line":31,"column":21},"end":{"line":37,"column":15}},"21":{"start":{"line":32,"column":16},"end":{"line":32,"column":30}},"22":{"start":{"line":33,"column":16},"end":{"line":33,"column":41}},"23":{"start":{"line":34,"column":16},"end":{"line":34,"column":33}},"24":{"start":{"line":35,"column":16},"end":{"line":35,"column":38}},"25":{"start":{"line":35,"column":31},"end":{"line":35,"column":36}},"26":{"start":{"line":36,"column":16},"end":{"line":36,"column":63}},"27":{"start":{"line":36,"column":33},"end":{"line":36,"column":58}},"28":{"start":{"line":40,"column":10},"end":{"line":40,"column":16}},"29":{"start":{"line":43,"column":8},"end":{"line":43,"column":22}},"30":{"start":{"line":44,"column":8},"end":{"line":44,"column":33}},"31":{"start":{"line":45,"column":8},"end":{"line":45,"column":25}},"32":{"start":{"line":47,"column":8},"end":{"line":47,"column":51}},"33":{"start":{"line":48,"column":8},"end":{"line":48,"column":14}},"34":{"start":{"line":52,"column":4},"end":{"line":52,"column":31}},"35":{"start":{"line":56,"column":2},"end":{"line":66,"column":21}},"36":{"start":{"line":57,"column":4},"end":{"line":57,"column":43}},"37":{"start":{"line":59,"column":4},"end":{"line":59,"column":63}},"38":{"start":{"line":60,"column":18},"end":{"line":60,"column":62}},"39":{"start":{"line":62,"column":4},"end":{"line":65,"column":6}},"40":{"start":{"line":63,"column":6},"end":{"line":63,"column":68}},"41":{"start":{"line":64,"column":6},"end":{"line":64,"column":27}},"42":{"start":{"line":68,"column":18},"end":{"line":78,"column":8}},"43":{"start":{"line":69,"column":24},"end":{"line":73,"column":5}},"44":{"start":{"line":75,"column":4},"end":{"line":75,"column":39}},"45":{"start":{"line":76,"column":4},"end":{"line":76,"column":32}},"46":{"start":{"line":77,"column":4},"end":{"line":77,"column":30}},"47":{"start":{"line":80,"column":19},"end":{"line":80,"column":63}},"48":{"start":{"line":80,"column":37},"end":{"line":80,"column":58}},"49":{"start":{"line":82,"column":2},"end":{"line":82,"column":31}}},"fnMap":{"0":{"name":"useOfflineSync","decl":{"start":{"line":5,"column":16},"end":{"line":5,"column":30}},"loc":{"start":{"line":5,"column":43},"end":{"line":83,"column":1}},"line":5},"1":{"name":"(anonymous_1)","decl":{"start":{"line":11,"column":35},"end":{"line":11,"column":36}},"loc":{"start":{"line":11,"column":47},"end":{"line":53,"column":3}},"line":11},"2":{"name":"(anonymous_2)","decl":{"start":{"line":27,"column":21},"end":{"line":27,"column":22}},"loc":{"start":{"line":27,"column":31},"end":{"line":38,"column":13}},"line":27},"3":{"name":"(anonymous_3)","decl":{"start":{"line":29,"column":24},"end":{"line":29,"column":25}},"loc":{"start":{"line":29,"column":31},"end":{"line":29,"column":36}},"line":29},"4":{"name":"(anonymous_4)","decl":{"start":{"line":30,"column":27},"end":{"line":30,"column":28}},"loc":{"start":{"line":30,"column":33},"end":{"line":30,"column":58}},"line":30},"5":{"name":"(anonymous_5)","decl":{"start":{"line":35,"column":24},"end":{"line":35,"column":25}},"loc":{"start":{"line":35,"column":31},"end":{"line":35,"column":36}},"line":35},"6":{"name":"(anonymous_6)","decl":{"start":{"line":36,"column":27},"end":{"line":36,"column":28}},"loc":{"start":{"line":36,"column":33},"end":{"line":36,"column":58}},"line":36},"7":{"name":"(anonymous_7)","decl":{"start":{"line":56,"column":12},"end":{"line":56,"column":13}},"loc":{"start":{"line":56,"column":18},"end":{"line":66,"column":3}},"line":56},"8":{"name":"(anonymous_8)","decl":{"start":{"line":62,"column":11},"end":{"line":62,"column":12}},"loc":{"start":{"line":62,"column":17},"end":{"line":65,"column":5}},"line":62},"9":{"name":"(anonymous_9)","decl":{"start":{"line":68,"column":30},"end":{"line":68,"column":31}},"loc":{"start":{"line":68,"column":45},"end":{"line":78,"column":3}},"line":68},"10":{"name":"(anonymous_10)","decl":{"start":{"line":80,"column":31},"end":{"line":80,"column":32}},"loc":{"start":{"line":80,"column":37},"end":{"line":80,"column":58}},"line":80}},"branchMap":{"0":{"loc":{"start":{"line":12,"column":4},"end":{"line":12,"column":35}},"type":"if","locations":[{"start":{"line":12,"column":4},"end":{"line":12,"column":35}},{"start":{},"end":{}}],"line":12},"1":{"loc":{"start":{"line":23,"column":8},"end":{"line":41,"column":9}},"type":"if","locations":[{"start":{"line":23,"column":8},"end":{"line":41,"column":9}},{"start":{},"end":{}}],"line":23},"2":{"loc":{"start":{"line":23,"column":12},"end":{"line":23,"column":60}},"type":"binary-expr","locations":[{"start":{"line":23,"column":12},"end":{"line":23,"column":24}},{"start":{"line":23,"column":28},"end":{"line":23,"column":60}}],"line":23},"3":{"loc":{"start":{"line":28,"column":14},"end":{"line":37,"column":15}},"type":"if","locations":[{"start":{"line":28,"column":14},"end":{"line":37,"column":15}},{"start":{"line":31,"column":21},"end":{"line":37,"column":15}}],"line":28},"4":{"loc":{"start":{"line":31,"column":21},"end":{"line":37,"column":15}},"type":"if","locations":[{"start":{"line":31,"column":21},"end":{"line":37,"column":15}},{"start":{},"end":{}}],"line":31},"5":{"loc":{"start":{"line":71,"column":17},"end":{"line":71,"column":57}},"type":"binary-expr","locations":[{"start":{"line":71,"column":17},"end":{"line":71,"column":36}},{"start":{"line":71,"column":40},"end":{"line":71,"column":57}}],"line":71}},"s":{"0":12,"1":12,"2":12,"3":12,"4":12,"5":8,"6":0,"7":8,"8":8,"9":8,"10":8,"11":8,"12":8,"13":7,"14":1,"15":0,"16":0,"17":0,"18":0,"19":0,"20":0,"21":0,"22":0,"23":0,"24":0,"25":0,"26":0,"27":0,"28":1,"29":6,"30":6,"31":6,"32":1,"33":1,"34":8,"35":12,"36":12,"37":12,"38":12,"39":12,"40":12,"41":12,"42":12,"43":8,"44":8,"45":8,"46":8,"47":12,"48":6,"49":12},"f":{"0":12,"1":8,"2":0,"3":0,"4":0,"5":0,"6":0,"7":12,"8":12,"9":8,"10":6},"b":{"0":[0,8],"1":[1,6],"2":[7,1],"3":[0,0],"4":[0,0],"5":[8,7]},"_coverageSchema":"1a1c01bbd47fc00a2c39e90264f33305004495a9","hash":"84d5da6caaa10ef5a9aea46dc948589b379ac21a"}
,"/home/amr/Coding/Projects/Trella/src/services/api.js": {"path":"/home/amr/Coding/Projects/Trella/src/services/api.js","statementMap":{"0":{"start":{"line":2,"column":18},"end":{"line":5,"column":1}},"1":{"start":{"line":9,"column":2},"end":{"line":9,"column":74}},"2":{"start":{"line":9,"column":30},"end":{"line":9,"column":72}},"3":{"start":{"line":14,"column":2},"end":{"line":16,"column":3}},"4":{"start":{"line":15,"column":4},"end":{"line":15,"column":36}},"5":{"start":{"line":26,"column":2},"end":{"line":26,"column":22}},"6":{"start":{"line":27,"column":2},"end":{"line":27,"column":14}},"7":{"start":{"line":29,"column":41},"end":{"line":29,"column":50}},"8":{"start":{"line":31,"column":2},"end":{"line":122,"column":3}},"9":{"start":{"line":33,"column":6},"end":{"line":40,"column":9}},"10":{"start":{"line":41,"column":6},"end":{"line":41,"column":12}},"11":{"start":{"line":44,"column":19},"end":{"line":44,"column":69}},"12":{"start":{"line":44,"column":49},"end":{"line":44,"column":68}},"13":{"start":{"line":45,"column":6},"end":{"line":49,"column":7}},"14":{"start":{"line":46,"column":8},"end":{"line":46,"column":35}},"15":{"start":{"line":47,"column":8},"end":{"line":47,"column":26}},"16":{"start":{"line":48,"column":8},"end":{"line":48,"column":41}},"17":{"start":{"line":50,"column":6},"end":{"line":50,"column":12}},"18":{"start":{"line":54,"column":19},"end":{"line":54,"column":73}},"19":{"start":{"line":54,"column":49},"end":{"line":54,"column":72}},"20":{"start":{"line":55,"column":6},"end":{"line":63,"column":7}},"21":{"start":{"line":56,"column":24},"end":{"line":60,"column":9}},"22":{"start":{"line":61,"column":8},"end":{"line":61,"column":33}},"23":{"start":{"line":62,"column":8},"end":{"line":62,"column":40}},"24":{"start":{"line":64,"column":6},"end":{"line":64,"column":12}},"25":{"start":{"line":69,"column":25},"end":{"line":69,"column":79}},"26":{"start":{"line":69,"column":55},"end":{"line":69,"column":78}},"27":{"start":{"line":70,"column":6},"end":{"line":70,"column":29}},"28":{"start":{"line":70,"column":23},"end":{"line":70,"column":29}},"29":{"start":{"line":73,"column":6},"end":{"line":75,"column":7}},"30":{"start":{"line":74,"column":8},"end":{"line":74,"column":46}},"31":{"start":{"line":78,"column":6},"end":{"line":78,"column":49}},"32":{"start":{"line":79,"column":6},"end":{"line":79,"column":30}},"33":{"start":{"line":80,"column":6},"end":{"line":80,"column":45}},"34":{"start":{"line":83,"column":19},"end":{"line":83,"column":73}},"35":{"start":{"line":83,"column":49},"end":{"line":83,"column":72}},"36":{"start":{"line":84,"column":25},"end":{"line":84,"column":73}},"37":{"start":{"line":84,"column":49},"end":{"line":84,"column":72}},"38":{"start":{"line":85,"column":6},"end":{"line":85,"column":60}},"39":{"start":{"line":85,"column":22},"end":{"line":85,"column":60}},"40":{"start":{"line":86,"column":6},"end":{"line":86,"column":12}},"41":{"start":{"line":90,"column":19},"end":{"line":90,"column":73}},"42":{"start":{"line":90,"column":49},"end":{"line":90,"column":72}},"43":{"start":{"line":91,"column":6},"end":{"line":93,"column":7}},"44":{"start":{"line":92,"column":8},"end":{"line":92,"column":71}},"45":{"start":{"line":92,"column":46},"end":{"line":92,"column":69}},"46":{"start":{"line":94,"column":6},"end":{"line":96,"column":8}},"47":{"start":{"line":95,"column":15},"end":{"line":95,"column":38}},"48":{"start":{"line":97,"column":6},"end":{"line":97,"column":12}},"49":{"start":{"line":101,"column":52},"end":{"line":101,"column":59}},"50":{"start":{"line":103,"column":21},"end":{"line":103,"column":69}},"51":{"start":{"line":103,"column":51},"end":{"line":103,"column":68}},"52":{"start":{"line":104,"column":21},"end":{"line":104,"column":67}},"53":{"start":{"line":104,"column":51},"end":{"line":104,"column":66}},"54":{"start":{"line":105,"column":6},"end":{"line":105,"column":36}},"55":{"start":{"line":105,"column":30},"end":{"line":105,"column":36}},"56":{"start":{"line":107,"column":19},"end":{"line":107,"column":60}},"57":{"start":{"line":107,"column":44},"end":{"line":107,"column":59}},"58":{"start":{"line":108,"column":6},"end":{"line":108,"column":23}},"59":{"start":{"line":108,"column":17},"end":{"line":108,"column":23}},"60":{"start":{"line":110,"column":6},"end":{"line":110,"column":65}},"61":{"start":{"line":110,"column":48},"end":{"line":110,"column":63}},"62":{"start":{"line":111,"column":6},"end":{"line":111,"column":44}},"63":{"start":{"line":114,"column":6},"end":{"line":114,"column":27}},"64":{"start":{"line":115,"column":6},"end":{"line":115,"column":24}},"65":{"start":{"line":116,"column":6},"end":{"line":116,"column":39}},"66":{"start":{"line":117,"column":6},"end":{"line":117,"column":12}},"67":{"start":{"line":121,"column":6},"end":{"line":121,"column":12}},"68":{"start":{"line":124,"column":2},"end":{"line":124,"column":27}},"69":{"start":{"line":132,"column":2},"end":{"line":132,"column":21}}},"fnMap":{"0":{"name":"randomDelay","decl":{"start":{"line":8,"column":9},"end":{"line":8,"column":20}},"loc":{"start":{"line":8,"column":23},"end":{"line":10,"column":1}},"line":8},"1":{"name":"(anonymous_1)","decl":{"start":{"line":9,"column":21},"end":{"line":9,"column":22}},"loc":{"start":{"line":9,"column":30},"end":{"line":9,"column":72}},"line":9},"2":{"name":"maybeFail","decl":{"start":{"line":13,"column":9},"end":{"line":13,"column":18}},"loc":{"start":{"line":13,"column":21},"end":{"line":17,"column":1}},"line":13},"3":{"name":"syncOperation","decl":{"start":{"line":25,"column":22},"end":{"line":25,"column":35}},"loc":{"start":{"line":25,"column":47},"end":{"line":125,"column":1}},"line":25},"4":{"name":"(anonymous_4)","decl":{"start":{"line":44,"column":42},"end":{"line":44,"column":43}},"loc":{"start":{"line":44,"column":49},"end":{"line":44,"column":68}},"line":44},"5":{"name":"(anonymous_5)","decl":{"start":{"line":54,"column":42},"end":{"line":54,"column":43}},"loc":{"start":{"line":54,"column":49},"end":{"line":54,"column":72}},"line":54},"6":{"name":"(anonymous_6)","decl":{"start":{"line":69,"column":48},"end":{"line":69,"column":49}},"loc":{"start":{"line":69,"column":55},"end":{"line":69,"column":78}},"line":69},"7":{"name":"(anonymous_7)","decl":{"start":{"line":83,"column":42},"end":{"line":83,"column":43}},"loc":{"start":{"line":83,"column":49},"end":{"line":83,"column":72}},"line":83},"8":{"name":"(anonymous_8)","decl":{"start":{"line":84,"column":42},"end":{"line":84,"column":43}},"loc":{"start":{"line":84,"column":49},"end":{"line":84,"column":72}},"line":84},"9":{"name":"(anonymous_9)","decl":{"start":{"line":90,"column":42},"end":{"line":90,"column":43}},"loc":{"start":{"line":90,"column":49},"end":{"line":90,"column":72}},"line":90},"10":{"name":"(anonymous_10)","decl":{"start":{"line":92,"column":39},"end":{"line":92,"column":40}},"loc":{"start":{"line":92,"column":46},"end":{"line":92,"column":69}},"line":92},"11":{"name":"(anonymous_11)","decl":{"start":{"line":95,"column":8},"end":{"line":95,"column":9}},"loc":{"start":{"line":95,"column":15},"end":{"line":95,"column":38}},"line":95},"12":{"name":"(anonymous_12)","decl":{"start":{"line":103,"column":44},"end":{"line":103,"column":45}},"loc":{"start":{"line":103,"column":51},"end":{"line":103,"column":68}},"line":103},"13":{"name":"(anonymous_13)","decl":{"start":{"line":104,"column":44},"end":{"line":104,"column":45}},"loc":{"start":{"line":104,"column":51},"end":{"line":104,"column":66}},"line":104},"14":{"name":"(anonymous_14)","decl":{"start":{"line":107,"column":37},"end":{"line":107,"column":38}},"loc":{"start":{"line":107,"column":44},"end":{"line":107,"column":59}},"line":107},"15":{"name":"(anonymous_15)","decl":{"start":{"line":110,"column":41},"end":{"line":110,"column":42}},"loc":{"start":{"line":110,"column":48},"end":{"line":110,"column":63}},"line":110},"16":{"name":"getServerState","decl":{"start":{"line":131,"column":16},"end":{"line":131,"column":30}},"loc":{"start":{"line":131,"column":33},"end":{"line":133,"column":1}},"line":131}},"branchMap":{"0":{"loc":{"start":{"line":14,"column":2},"end":{"line":16,"column":3}},"type":"if","locations":[{"start":{"line":14,"column":2},"end":{"line":16,"column":3}},{"start":{},"end":{}}],"line":14},"1":{"loc":{"start":{"line":31,"column":2},"end":{"line":122,"column":3}},"type":"switch","locations":[{"start":{"line":32,"column":4},"end":{"line":41,"column":12}},{"start":{"line":43,"column":4},"end":{"line":51,"column":5}},{"start":{"line":53,"column":4},"end":{"line":65,"column":5}},{"start":{"line":67,"column":4},"end":{"line":87,"column":5}},{"start":{"line":89,"column":4},"end":{"line":98,"column":5}},{"start":{"line":100,"column":4},"end":{"line":118,"column":5}},{"start":{"line":120,"column":4},"end":{"line":121,"column":12}}],"line":31},"2":{"loc":{"start":{"line":45,"column":6},"end":{"line":49,"column":7}},"type":"if","locations":[{"start":{"line":45,"column":6},"end":{"line":49,"column":7}},{"start":{},"end":{}}],"line":45},"3":{"loc":{"start":{"line":55,"column":6},"end":{"line":63,"column":7}},"type":"if","locations":[{"start":{"line":55,"column":6},"end":{"line":63,"column":7}},{"start":{},"end":{}}],"line":55},"4":{"loc":{"start":{"line":70,"column":6},"end":{"line":70,"column":29}},"type":"if","locations":[{"start":{"line":70,"column":6},"end":{"line":70,"column":29}},{"start":{},"end":{}}],"line":70},"5":{"loc":{"start":{"line":73,"column":6},"end":{"line":75,"column":7}},"type":"if","locations":[{"start":{"line":73,"column":6},"end":{"line":75,"column":7}},{"start":{},"end":{}}],"line":73},"6":{"loc":{"start":{"line":85,"column":6},"end":{"line":85,"column":60}},"type":"if","locations":[{"start":{"line":85,"column":6},"end":{"line":85,"column":60}},{"start":{},"end":{}}],"line":85},"7":{"loc":{"start":{"line":91,"column":6},"end":{"line":93,"column":7}},"type":"if","locations":[{"start":{"line":91,"column":6},"end":{"line":93,"column":7}},{"start":{},"end":{}}],"line":91},"8":{"loc":{"start":{"line":105,"column":6},"end":{"line":105,"column":36}},"type":"if","locations":[{"start":{"line":105,"column":6},"end":{"line":105,"column":36}},{"start":{},"end":{}}],"line":105},"9":{"loc":{"start":{"line":105,"column":10},"end":{"line":105,"column":28}},"type":"binary-expr","locations":[{"start":{"line":105,"column":10},"end":{"line":105,"column":17}},{"start":{"line":105,"column":21},"end":{"line":105,"column":28}}],"line":105},"10":{"loc":{"start":{"line":108,"column":6},"end":{"line":108,"column":23}},"type":"if","locations":[{"start":{"line":108,"column":6},"end":{"line":108,"column":23}},{"start":{},"end":{}}],"line":108}},"s":{"0":5,"1":23,"2":23,"3":23,"4":0,"5":23,"6":23,"7":23,"8":23,"9":9,"10":9,"11":1,"12":1,"13":1,"14":1,"15":1,"16":1,"17":1,"18":7,"19":7,"20":7,"21":7,"22":7,"23":7,"24":7,"25":3,"26":3,"27":3,"28":0,"29":3,"30":1,"31":2,"32":2,"33":2,"34":2,"35":2,"36":2,"37":2,"38":2,"39":2,"40":2,"41":1,"42":1,"43":1,"44":1,"45":1,"46":1,"47":1,"48":1,"49":2,"50":2,"51":2,"52":2,"53":3,"54":2,"55":0,"56":2,"57":2,"58":2,"59":0,"60":2,"61":3,"62":2,"63":2,"64":2,"65":2,"66":2,"67":0,"68":22,"69":17},"f":{"0":23,"1":23,"2":23,"3":23,"4":1,"5":7,"6":3,"7":2,"8":2,"9":1,"10":1,"11":1,"12":2,"13":3,"14":2,"15":3,"16":17},"b":{"0":[0,23],"1":[9,1,7,3,1,2,0],"2":[1,0],"3":[7,0],"4":[0,3],"5":[1,2],"6":[2,0],"7":[1,0],"8":[0,2],"9":[2,2],"10":[0,2]},"_coverageSchema":"1a1c01bbd47fc00a2c39e90264f33305004495a9","hash":"3749da50af1d36003ec14107fb49d9e5b6992e93"}
,"/home/amr/Coding/Projects/Trella/src/storage/storage.js": {"path":"/home/amr/Coding/Projects/Trella/src/storage/storage.js","statementMap":{"0":{"start":{"line":1,"column":12},"end":{"line":1,"column":32}},"1":{"start":{"line":2,"column":18},"end":{"line":2,"column":37}},"2":{"start":{"line":5,"column":2},"end":{"line":19,"column":3}},"3":{"start":{"line":6,"column":16},"end":{"line":6,"column":41}},"4":{"start":{"line":7,"column":4},"end":{"line":7,"column":34}},"5":{"start":{"line":7,"column":14},"end":{"line":7,"column":34}},"6":{"start":{"line":9,"column":19},"end":{"line":9,"column":34}},"7":{"start":{"line":11,"column":4},"end":{"line":16,"column":6}},"8":{"start":{"line":18,"column":4},"end":{"line":18,"column":24}},"9":{"start":{"line":23,"column":2},"end":{"line":23,"column":51}},"10":{"start":{"line":27,"column":2},"end":{"line":31,"column":3}},"11":{"start":{"line":28,"column":4},"end":{"line":28,"column":61}},"12":{"start":{"line":30,"column":4},"end":{"line":30,"column":14}},"13":{"start":{"line":35,"column":2},"end":{"line":35,"column":57}}},"fnMap":{"0":{"name":"loadState","decl":{"start":{"line":4,"column":16},"end":{"line":4,"column":25}},"loc":{"start":{"line":4,"column":40},"end":{"line":20,"column":1}},"line":4},"1":{"name":"saveState","decl":{"start":{"line":22,"column":16},"end":{"line":22,"column":25}},"loc":{"start":{"line":22,"column":33},"end":{"line":24,"column":1}},"line":22},"2":{"name":"loadQueue","decl":{"start":{"line":26,"column":16},"end":{"line":26,"column":25}},"loc":{"start":{"line":26,"column":28},"end":{"line":32,"column":1}},"line":26},"3":{"name":"saveQueue","decl":{"start":{"line":34,"column":16},"end":{"line":34,"column":25}},"loc":{"start":{"line":34,"column":33},"end":{"line":36,"column":1}},"line":34}},"branchMap":{"0":{"loc":{"start":{"line":7,"column":4},"end":{"line":7,"column":34}},"type":"if","locations":[{"start":{"line":7,"column":4},"end":{"line":7,"column":34}},{"start":{},"end":{}}],"line":7},"1":{"loc":{"start":{"line":14,"column":15},"end":{"line":14,"column":35}},"type":"binary-expr","locations":[{"start":{"line":14,"column":15},"end":{"line":14,"column":29}},{"start":{"line":14,"column":33},"end":{"line":14,"column":35}}],"line":14},"2":{"loc":{"start":{"line":15,"column":14},"end":{"line":15,"column":33}},"type":"binary-expr","locations":[{"start":{"line":15,"column":14},"end":{"line":15,"column":27}},{"start":{"line":15,"column":31},"end":{"line":15,"column":33}}],"line":15},"3":{"loc":{"start":{"line":28,"column":11},"end":{"line":28,"column":60}},"type":"binary-expr","locations":[{"start":{"line":28,"column":11},"end":{"line":28,"column":54}},{"start":{"line":28,"column":58},"end":{"line":28,"column":60}}],"line":28}},"s":{"0":6,"1":6,"2":15,"3":15,"4":15,"5":2,"6":13,"7":13,"8":0,"9":23,"10":1,"11":1,"12":0,"13":2},"f":{"0":15,"1":23,"2":1,"3":2},"b":{"0":[2,13],"1":[13,0],"2":[13,0],"3":[1,1]},"_coverageSchema":"1a1c01bbd47fc00a2c39e90264f33305004495a9","hash":"ffbfb41c32e6f0971123342c249624a28b7356c6"}
}
