{
  "/home/amr/Coding/Projects/Trella/src/components/CardDetailModal.jsx": {
    "path": "/home/amr/Coding/Projects/Trella/src/components/CardDetailModal.jsx",
    "statementMap": {
      "0": {
        "start": { "line": 5, "column": 28 },
        "end": { "line": 5, "column": 55 }
      },
      "1": {
        "start": { "line": 6, "column": 40 },
        "end": { "line": 6, "column": 73 }
      },
      "2": {
        "start": { "line": 7, "column": 19 },
        "end": { "line": 7, "column": 31 }
      },
      "3": {
        "start": { "line": 8, "column": 24 },
        "end": { "line": 8, "column": 36 }
      },
      "4": {
        "start": { "line": 11, "column": 22 },
        "end": { "line": 14, "column": 43 }
      },
      "5": {
        "start": { "line": 12, "column": 4 },
        "end": { "line": 12, "column": 35 }
      },
      "6": {
        "start": { "line": 13, "column": 4 },
        "end": { "line": 13, "column": 14 }
      },
      "7": {
        "start": { "line": 17, "column": 2 },
        "end": { "line": 21, "column": 9 }
      },
      "8": {
        "start": { "line": 18, "column": 4 },
        "end": { "line": 20, "column": 5 }
      },
      "9": {
        "start": { "line": 19, "column": 6 },
        "end": { "line": 19, "column": 36 }
      },
      "10": {
        "start": { "line": 24, "column": 2 },
        "end": { "line": 53, "column": 20 }
      },
      "11": {
        "start": { "line": 25, "column": 26 },
        "end": { "line": 49, "column": 5 }
      },
      "12": {
        "start": { "line": 26, "column": 6 },
        "end": { "line": 28, "column": 7 }
      },
      "13": {
        "start": { "line": 27, "column": 8 },
        "end": { "line": 27, "column": 22 }
      },
      "14": {
        "start": { "line": 31, "column": 6 },
        "end": { "line": 48, "column": 7 }
      },
      "15": {
        "start": { "line": 32, "column": 22 },
        "end": { "line": 32, "column": 38 }
      },
      "16": {
        "start": { "line": 33, "column": 8 },
        "end": { "line": 33, "column": 27 }
      },
      "17": {
        "start": { "line": 33, "column": 20 },
        "end": { "line": 33, "column": 27 }
      },
      "18": {
        "start": { "line": 35, "column": 34 },
        "end": { "line": 37, "column": 9 }
      },
      "19": {
        "start": { "line": 38, "column": 29 },
        "end": { "line": 38, "column": 49 }
      },
      "20": {
        "start": { "line": 39, "column": 28 },
        "end": { "line": 39, "column": 75 }
      },
      "21": {
        "start": { "line": 41, "column": 8 },
        "end": { "line": 47, "column": 9 }
      },
      "22": {
        "start": { "line": 42, "column": 10 },
        "end": { "line": 42, "column": 29 }
      },
      "23": {
        "start": { "line": 43, "column": 10 },
        "end": { "line": 43, "column": 30 }
      },
      "24": {
        "start": { "line": 44, "column": 15 },
        "end": { "line": 47, "column": 9 }
      },
      "25": {
        "start": { "line": 45, "column": 10 },
        "end": { "line": 45, "column": 29 }
      },
      "26": {
        "start": { "line": 46, "column": 10 },
        "end": { "line": 46, "column": 31 }
      },
      "27": {
        "start": { "line": 51, "column": 4 },
        "end": { "line": 51, "column": 56 }
      },
      "28": {
        "start": { "line": 52, "column": 4 },
        "end": { "line": 52, "column": 72 }
      },
      "29": {
        "start": { "line": 52, "column": 17 },
        "end": { "line": 52, "column": 71 }
      },
      "30": {
        "start": { "line": 55, "column": 2 },
        "end": { "line": 55, "column": 25 }
      },
      "31": {
        "start": { "line": 55, "column": 13 },
        "end": { "line": 55, "column": 25 }
      },
      "32": {
        "start": { "line": 57, "column": 2 },
        "end": { "line": 126, "column": 4 }
      },
      "33": {
        "start": { "line": 61, "column": 8 },
        "end": { "line": 61, "column": 56 }
      },
      "34": {
        "start": { "line": 61, "column": 42 },
        "end": { "line": 61, "column": 56 }
      },
      "35": {
        "start": { "line": 86, "column": 29 },
        "end": { "line": 86, "column": 53 }
      },
      "36": {
        "start": { "line": 102, "column": 29 },
        "end": { "line": 102, "column": 59 }
      }
    },
    "fnMap": {
      "0": {
        "name": "CardDetailModal",
        "decl": {
          "start": { "line": 3, "column": 24 },
          "end": { "line": 3, "column": 39 }
        },
        "loc": {
          "start": { "line": 3, "column": 67 },
          "end": { "line": 127, "column": 1 }
        },
        "line": 3
      },
      "1": {
        "name": "(anonymous_1)",
        "decl": {
          "start": { "line": 11, "column": 34 },
          "end": { "line": 11, "column": 35 }
        },
        "loc": {
          "start": { "line": 11, "column": 40 },
          "end": { "line": 14, "column": 3 }
        },
        "line": 11
      },
      "2": {
        "name": "(anonymous_2)",
        "decl": {
          "start": { "line": 17, "column": 12 },
          "end": { "line": 17, "column": 13 }
        },
        "loc": {
          "start": { "line": 17, "column": 18 },
          "end": { "line": 21, "column": 3 }
        },
        "line": 17
      },
      "3": {
        "name": "(anonymous_3)",
        "decl": {
          "start": { "line": 24, "column": 12 },
          "end": { "line": 24, "column": 13 }
        },
        "loc": {
          "start": { "line": 24, "column": 18 },
          "end": { "line": 53, "column": 3 }
        },
        "line": 24
      },
      "4": {
        "name": "(anonymous_4)",
        "decl": {
          "start": { "line": 25, "column": 26 },
          "end": { "line": 25, "column": 27 }
        },
        "loc": {
          "start": { "line": 25, "column": 33 },
          "end": { "line": 49, "column": 5 }
        },
        "line": 25
      },
      "5": {
        "name": "(anonymous_5)",
        "decl": {
          "start": { "line": 52, "column": 11 },
          "end": { "line": 52, "column": 12 }
        },
        "loc": {
          "start": { "line": 52, "column": 17 },
          "end": { "line": 52, "column": 71 }
        },
        "line": 52
      },
      "6": {
        "name": "(anonymous_6)",
        "decl": {
          "start": { "line": 60, "column": 15 },
          "end": { "line": 60, "column": 16 }
        },
        "loc": {
          "start": { "line": 60, "column": 22 },
          "end": { "line": 62, "column": 7 }
        },
        "line": 60
      },
      "7": {
        "name": "(anonymous_7)",
        "decl": {
          "start": { "line": 86, "column": 22 },
          "end": { "line": 86, "column": 23 }
        },
        "loc": {
          "start": { "line": 86, "column": 29 },
          "end": { "line": 86, "column": 53 }
        },
        "line": 86
      },
      "8": {
        "name": "(anonymous_8)",
        "decl": {
          "start": { "line": 102, "column": 22 },
          "end": { "line": 102, "column": 23 }
        },
        "loc": {
          "start": { "line": 102, "column": 29 },
          "end": { "line": 102, "column": 59 }
        },
        "line": 102
      }
    },
    "branchMap": {
      "0": {
        "loc": {
          "start": { "line": 5, "column": 37 },
          "end": { "line": 5, "column": 54 }
        },
        "type": "binary-expr",
        "locations": [
          {
            "start": { "line": 5, "column": 37 },
            "end": { "line": 5, "column": 48 }
          },
          {
            "start": { "line": 5, "column": 52 },
            "end": { "line": 5, "column": 54 }
          }
        ],
        "line": 5
      },
      "1": {
        "loc": {
          "start": { "line": 6, "column": 49 },
          "end": { "line": 6, "column": 72 }
        },
        "type": "binary-expr",
        "locations": [
          {
            "start": { "line": 6, "column": 49 },
            "end": { "line": 6, "column": 66 }
          },
          {
            "start": { "line": 6, "column": 70 },
            "end": { "line": 6, "column": 72 }
          }
        ],
        "line": 6
      },
      "2": {
        "loc": {
          "start": { "line": 18, "column": 4 },
          "end": { "line": 20, "column": 5 }
        },
        "type": "if",
        "locations": [
          {
            "start": { "line": 18, "column": 4 },
            "end": { "line": 20, "column": 5 }
          },
          { "start": {}, "end": {} }
        ],
        "line": 18
      },
      "3": {
        "loc": {
          "start": { "line": 26, "column": 6 },
          "end": { "line": 28, "column": 7 }
        },
        "type": "if",
        "locations": [
          {
            "start": { "line": 26, "column": 6 },
            "end": { "line": 28, "column": 7 }
          },
          { "start": {}, "end": {} }
        ],
        "line": 26
      },
      "4": {
        "loc": {
          "start": { "line": 31, "column": 6 },
          "end": { "line": 48, "column": 7 }
        },
        "type": "if",
        "locations": [
          {
            "start": { "line": 31, "column": 6 },
            "end": { "line": 48, "column": 7 }
          },
          { "start": {}, "end": {} }
        ],
        "line": 31
      },
      "5": {
        "loc": {
          "start": { "line": 33, "column": 8 },
          "end": { "line": 33, "column": 27 }
        },
        "type": "if",
        "locations": [
          {
            "start": { "line": 33, "column": 8 },
            "end": { "line": 33, "column": 27 }
          },
          { "start": {}, "end": {} }
        ],
        "line": 33
      },
      "6": {
        "loc": {
          "start": { "line": 41, "column": 8 },
          "end": { "line": 47, "column": 9 }
        },
        "type": "if",
        "locations": [
          {
            "start": { "line": 41, "column": 8 },
            "end": { "line": 47, "column": 9 }
          },
          {
            "start": { "line": 44, "column": 15 },
            "end": { "line": 47, "column": 9 }
          }
        ],
        "line": 41
      },
      "7": {
        "loc": {
          "start": { "line": 41, "column": 12 },
          "end": { "line": 41, "column": 65 }
        },
        "type": "binary-expr",
        "locations": [
          {
            "start": { "line": 41, "column": 12 },
            "end": { "line": 41, "column": 22 }
          },
          {
            "start": { "line": 41, "column": 26 },
            "end": { "line": 41, "column": 65 }
          }
        ],
        "line": 41
      },
      "8": {
        "loc": {
          "start": { "line": 44, "column": 15 },
          "end": { "line": 47, "column": 9 }
        },
        "type": "if",
        "locations": [
          {
            "start": { "line": 44, "column": 15 },
            "end": { "line": 47, "column": 9 }
          },
          { "start": {}, "end": {} }
        ],
        "line": 44
      },
      "9": {
        "loc": {
          "start": { "line": 44, "column": 19 },
          "end": { "line": 44, "column": 72 }
        },
        "type": "binary-expr",
        "locations": [
          {
            "start": { "line": 44, "column": 19 },
            "end": { "line": 44, "column": 30 }
          },
          {
            "start": { "line": 44, "column": 34 },
            "end": { "line": 44, "column": 72 }
          }
        ],
        "line": 44
      },
      "10": {
        "loc": {
          "start": { "line": 55, "column": 2 },
          "end": { "line": 55, "column": 25 }
        },
        "type": "if",
        "locations": [
          {
            "start": { "line": 55, "column": 2 },
            "end": { "line": 55, "column": 25 }
          },
          { "start": {}, "end": {} }
        ],
        "line": 55
      },
      "11": {
        "loc": {
          "start": { "line": 61, "column": 8 },
          "end": { "line": 61, "column": 56 }
        },
        "type": "if",
        "locations": [
          {
            "start": { "line": 61, "column": 8 },
            "end": { "line": 61, "column": 56 }
          },
          { "start": {}, "end": {} }
        ],
        "line": 61
      }
    },
    "s": {
      "0": 1,
      "1": 1,
      "2": 1,
      "3": 1,
      "4": 1,
      "5": 0,
      "6": 0,
      "7": 1,
      "8": 1,
      "9": 1,
      "10": 1,
      "11": 1,
      "12": 0,
      "13": 0,
      "14": 0,
      "15": 0,
      "16": 0,
      "17": 0,
      "18": 0,
      "19": 0,
      "20": 0,
      "21": 0,
      "22": 0,
      "23": 0,
      "24": 0,
      "25": 0,
      "26": 0,
      "27": 1,
      "28": 1,
      "29": 1,
      "30": 1,
      "31": 0,
      "32": 1,
      "33": 0,
      "34": 0,
      "35": 0,
      "36": 0
    },
    "f": {
      "0": 1,
      "1": 0,
      "2": 1,
      "3": 1,
      "4": 0,
      "5": 1,
      "6": 0,
      "7": 0,
      "8": 0
    },
    "b": {
      "0": [1, 0],
      "1": [1, 0],
      "2": [1, 0],
      "3": [0, 0],
      "4": [0, 0],
      "5": [0, 0],
      "6": [0, 0],
      "7": [0, 0],
      "8": [0, 0],
      "9": [0, 0],
      "10": [0, 1],
      "11": [0, 0]
    },
    "_coverageSchema": "1a1c01bbd47fc00a2c39e90264f33305004495a9",
    "hash": "d4c24399630590a9293d5ca93f01097e0afbb96c"
  },
  "/home/amr/Coding/Projects/Trella/src/context/boardReducer.js": {
    "path": "/home/amr/Coding/Projects/Trella/src/context/boardReducer.js",
    "statementMap": {
      "0": {
        "start": { "line": 4, "column": 28 },
        "end": { "line": 8, "column": 1 }
      },
      "1": {
        "start": { "line": 13, "column": 39 },
        "end": { "line": 13, "column": 44 }
      },
      "2": {
        "start": { "line": 14, "column": 2 },
        "end": { "line": 14, "column": 14 }
      },
      "3": {
        "start": { "line": 19, "column": 22 },
        "end": { "line": 19, "column": 24 }
      },
      "4": {
        "start": { "line": 21, "column": 21 },
        "end": { "line": 21, "column": 78 }
      },
      "5": {
        "start": { "line": 23, "column": 2 },
        "end": { "line": 27, "column": 4 }
      },
      "6": {
        "start": { "line": 31, "column": 2 },
        "end": { "line": 203, "column": 3 }
      },
      "7": {
        "start": { "line": 33, "column": 23 },
        "end": { "line": 46, "column": 7 }
      },
      "8": {
        "start": { "line": 47, "column": 6 },
        "end": { "line": 47, "column": 42 }
      },
      "9": {
        "start": { "line": 51, "column": 23 },
        "end": { "line": 63, "column": 7 }
      },
      "10": {
        "start": { "line": 54, "column": 10 },
        "end": { "line": 61, "column": 15 }
      },
      "11": {
        "start": { "line": 64, "column": 6 },
        "end": { "line": 64, "column": 42 }
      },
      "12": {
        "start": { "line": 68, "column": 23 },
        "end": { "line": 88, "column": 7 }
      },
      "13": {
        "start": { "line": 71, "column": 10 },
        "end": { "line": 86, "column": 15 }
      },
      "14": {
        "start": { "line": 89, "column": 6 },
        "end": { "line": 89, "column": 42 }
      },
      "15": {
        "start": { "line": 93, "column": 42 },
        "end": { "line": 93, "column": 56 }
      },
      "16": {
        "start": { "line": 95, "column": 23 },
        "end": { "line": 114, "column": 7 }
      },
      "17": {
        "start": { "line": 98, "column": 10 },
        "end": { "line": 112, "column": 15 }
      },
      "18": {
        "start": { "line": 102, "column": 18 },
        "end": { "line": 109, "column": 23 }
      },
      "19": {
        "start": { "line": 115, "column": 6 },
        "end": { "line": 115, "column": 42 }
      },
      "20": {
        "start": { "line": 119, "column": 33 },
        "end": { "line": 119, "column": 47 }
      },
      "21": {
        "start": { "line": 121, "column": 23 },
        "end": { "line": 128, "column": 7 }
      },
      "22": {
        "start": { "line": 124, "column": 10 },
        "end": { "line": 126, "column": 15 }
      },
      "23": {
        "start": { "line": 125, "column": 51 },
        "end": { "line": 125, "column": 66 }
      },
      "24": {
        "start": { "line": 129, "column": 6 },
        "end": { "line": 129, "column": 42 }
      },
      "25": {
        "start": { "line": 133, "column": 52 },
        "end": { "line": 133, "column": 66 }
      },
      "26": {
        "start": { "line": 134, "column": 25 },
        "end": { "line": 134, "column": 67 }
      },
      "27": {
        "start": { "line": 134, "column": 49 },
        "end": { "line": 134, "column": 66 }
      },
      "28": {
        "start": { "line": 135, "column": 6 },
        "end": { "line": 135, "column": 36 }
      },
      "29": {
        "start": { "line": 135, "column": 23 },
        "end": { "line": 135, "column": 36 }
      },
      "30": {
        "start": { "line": 137, "column": 24 },
        "end": { "line": 137, "column": 74 }
      },
      "31": {
        "start": { "line": 137, "column": 58 },
        "end": { "line": 137, "column": 73 }
      },
      "32": {
        "start": { "line": 138, "column": 6 },
        "end": { "line": 138, "column": 41 }
      },
      "33": {
        "start": { "line": 138, "column": 28 },
        "end": { "line": 138, "column": 41 }
      },
      "34": {
        "start": { "line": 141, "column": 6 },
        "end": { "line": 151, "column": 7 }
      },
      "35": {
        "start": { "line": 142, "column": 8 },
        "end": { "line": 142, "column": 48 }
      },
      "36": {
        "start": { "line": 142, "column": 35 },
        "end": { "line": 142, "column": 48 }
      },
      "37": {
        "start": { "line": 144, "column": 25 },
        "end": { "line": 148, "column": 9 }
      },
      "38": {
        "start": { "line": 145, "column": 10 },
        "end": { "line": 147, "column": 69 }
      },
      "39": {
        "start": { "line": 150, "column": 8 },
        "end": { "line": 150, "column": 65 }
      },
      "40": {
        "start": { "line": 154, "column": 19 },
        "end": { "line": 154, "column": 46 }
      },
      "41": {
        "start": { "line": 156, "column": 23 },
        "end": { "line": 166, "column": 8 }
      },
      "42": {
        "start": { "line": 157, "column": 8 },
        "end": { "line": 159, "column": 9 }
      },
      "43": {
        "start": { "line": 158, "column": 10 },
        "end": { "line": 158, "column": 73 }
      },
      "44": {
        "start": { "line": 158, "column": 54 },
        "end": { "line": 158, "column": 69 }
      },
      "45": {
        "start": { "line": 160, "column": 8 },
        "end": { "line": 164, "column": 9 }
      },
      "46": {
        "start": { "line": 161, "column": 24 },
        "end": { "line": 161, "column": 36 }
      },
      "47": {
        "start": { "line": 162, "column": 10 },
        "end": { "line": 162, "column": 41 }
      },
      "48": {
        "start": { "line": 163, "column": 10 },
        "end": { "line": 163, "column": 33 }
      },
      "49": {
        "start": { "line": 165, "column": 8 },
        "end": { "line": 165, "column": 17 }
      },
      "50": {
        "start": { "line": 168, "column": 6 },
        "end": { "line": 168, "column": 63 }
      },
      "51": {
        "start": { "line": 172, "column": 23 },
        "end": { "line": 177, "column": 7 }
      },
      "52": {
        "start": { "line": 175, "column": 10 },
        "end": { "line": 175, "column": 64 }
      },
      "53": {
        "start": { "line": 178, "column": 6 },
        "end": { "line": 178, "column": 42 }
      },
      "54": {
        "start": { "line": 182, "column": 6 },
        "end": { "line": 182, "column": 46 }
      },
      "55": {
        "start": { "line": 182, "column": 33 },
        "end": { "line": 182, "column": 46 }
      },
      "56": {
        "start": { "line": 183, "column": 19 },
        "end": { "line": 183, "column": 58 }
      },
      "57": {
        "start": { "line": 184, "column": 6 },
        "end": { "line": 188, "column": 8 }
      },
      "58": {
        "start": { "line": 192, "column": 6 },
        "end": { "line": 192, "column": 45 }
      },
      "59": {
        "start": { "line": 192, "column": 32 },
        "end": { "line": 192, "column": 45 }
      },
      "60": {
        "start": { "line": 193, "column": 19 },
        "end": { "line": 193, "column": 34 }
      },
      "61": {
        "start": { "line": 194, "column": 6 },
        "end": { "line": 198, "column": 8 }
      },
      "62": {
        "start": { "line": 202, "column": 6 },
        "end": { "line": 202, "column": 19 }
      }
    },
    "fnMap": {
      "0": {
        "name": "stripHistory",
        "decl": {
          "start": { "line": 11, "column": 9 },
          "end": { "line": 11, "column": 21 }
        },
        "loc": {
          "start": { "line": 11, "column": 29 },
          "end": { "line": 15, "column": 1 }
        },
        "line": 11
      },
      "1": {
        "name": "pushHistory",
        "decl": {
          "start": { "line": 18, "column": 9 },
          "end": { "line": 18, "column": 20 }
        },
        "loc": {
          "start": { "line": 18, "column": 33 },
          "end": { "line": 28, "column": 1 }
        },
        "line": 18
      },
      "2": {
        "name": "boardReducer",
        "decl": {
          "start": { "line": 30, "column": 16 },
          "end": { "line": 30, "column": 28 }
        },
        "loc": {
          "start": { "line": 30, "column": 44 },
          "end": { "line": 204, "column": 1 }
        },
        "line": 30
      },
      "3": {
        "name": "(anonymous_3)",
        "decl": {
          "start": { "line": 53, "column": 31 },
          "end": { "line": 53, "column": 32 }
        },
        "loc": {
          "start": { "line": 54, "column": 10 },
          "end": { "line": 61, "column": 15 }
        },
        "line": 54
      },
      "4": {
        "name": "(anonymous_4)",
        "decl": {
          "start": { "line": 70, "column": 31 },
          "end": { "line": 70, "column": 32 }
        },
        "loc": {
          "start": { "line": 71, "column": 10 },
          "end": { "line": 86, "column": 15 }
        },
        "line": 71
      },
      "5": {
        "name": "(anonymous_5)",
        "decl": {
          "start": { "line": 97, "column": 31 },
          "end": { "line": 97, "column": 32 }
        },
        "loc": {
          "start": { "line": 98, "column": 10 },
          "end": { "line": 112, "column": 15 }
        },
        "line": 98
      },
      "6": {
        "name": "(anonymous_6)",
        "decl": {
          "start": { "line": 101, "column": 35 },
          "end": { "line": 101, "column": 36 }
        },
        "loc": {
          "start": { "line": 102, "column": 18 },
          "end": { "line": 109, "column": 23 }
        },
        "line": 102
      },
      "7": {
        "name": "(anonymous_7)",
        "decl": {
          "start": { "line": 123, "column": 31 },
          "end": { "line": 123, "column": 32 }
        },
        "loc": {
          "start": { "line": 124, "column": 10 },
          "end": { "line": 126, "column": 15 }
        },
        "line": 124
      },
      "8": {
        "name": "(anonymous_8)",
        "decl": {
          "start": { "line": 125, "column": 44 },
          "end": { "line": 125, "column": 45 }
        },
        "loc": {
          "start": { "line": 125, "column": 51 },
          "end": { "line": 125, "column": 66 }
        },
        "line": 125
      },
      "9": {
        "name": "(anonymous_9)",
        "decl": {
          "start": { "line": 134, "column": 42 },
          "end": { "line": 134, "column": 43 }
        },
        "loc": {
          "start": { "line": 134, "column": 49 },
          "end": { "line": 134, "column": 66 }
        },
        "line": 134
      },
      "10": {
        "name": "(anonymous_10)",
        "decl": {
          "start": { "line": 137, "column": 51 },
          "end": { "line": 137, "column": 52 }
        },
        "loc": {
          "start": { "line": 137, "column": 58 },
          "end": { "line": 137, "column": 73 }
        },
        "line": 137
      },
      "11": {
        "name": "(anonymous_11)",
        "decl": {
          "start": { "line": 144, "column": 41 },
          "end": { "line": 144, "column": 42 }
        },
        "loc": {
          "start": { "line": 145, "column": 10 },
          "end": { "line": 147, "column": 69 }
        },
        "line": 145
      },
      "12": {
        "name": "(anonymous_12)",
        "decl": {
          "start": { "line": 156, "column": 39 },
          "end": { "line": 156, "column": 40 }
        },
        "loc": {
          "start": { "line": 156, "column": 46 },
          "end": { "line": 166, "column": 7 }
        },
        "line": 156
      },
      "13": {
        "name": "(anonymous_13)",
        "decl": {
          "start": { "line": 158, "column": 47 },
          "end": { "line": 158, "column": 48 }
        },
        "loc": {
          "start": { "line": 158, "column": 54 },
          "end": { "line": 158, "column": 69 }
        },
        "line": 158
      },
      "14": {
        "name": "(anonymous_14)",
        "decl": {
          "start": { "line": 174, "column": 31 },
          "end": { "line": 174, "column": 32 }
        },
        "loc": {
          "start": { "line": 175, "column": 10 },
          "end": { "line": 175, "column": 64 }
        },
        "line": 175
      }
    },
    "branchMap": {
      "0": {
        "loc": {
          "start": { "line": 31, "column": 2 },
          "end": { "line": 203, "column": 3 }
        },
        "type": "switch",
        "locations": [
          {
            "start": { "line": 32, "column": 4 },
            "end": { "line": 48, "column": 5 }
          },
          {
            "start": { "line": 50, "column": 4 },
            "end": { "line": 65, "column": 5 }
          },
          {
            "start": { "line": 67, "column": 4 },
            "end": { "line": 90, "column": 5 }
          },
          {
            "start": { "line": 92, "column": 4 },
            "end": { "line": 116, "column": 5 }
          },
          {
            "start": { "line": 118, "column": 4 },
            "end": { "line": 130, "column": 5 }
          },
          {
            "start": { "line": 132, "column": 4 },
            "end": { "line": 169, "column": 5 }
          },
          {
            "start": { "line": 171, "column": 4 },
            "end": { "line": 179, "column": 5 }
          },
          {
            "start": { "line": 181, "column": 4 },
            "end": { "line": 189, "column": 5 }
          },
          {
            "start": { "line": 191, "column": 4 },
            "end": { "line": 199, "column": 5 }
          },
          {
            "start": { "line": 201, "column": 4 },
            "end": { "line": 202, "column": 19 }
          }
        ],
        "line": 31
      },
      "1": {
        "loc": {
          "start": { "line": 54, "column": 10 },
          "end": { "line": 61, "column": 15 }
        },
        "type": "cond-expr",
        "locations": [
          {
            "start": { "line": 55, "column": 14 },
            "end": { "line": 60, "column": 15 }
          },
          {
            "start": { "line": 61, "column": 14 },
            "end": { "line": 61, "column": 15 }
          }
        ],
        "line": 54
      },
      "2": {
        "loc": {
          "start": { "line": 71, "column": 10 },
          "end": { "line": 86, "column": 15 }
        },
        "type": "cond-expr",
        "locations": [
          {
            "start": { "line": 72, "column": 14 },
            "end": { "line": 85, "column": 15 }
          },
          {
            "start": { "line": 86, "column": 14 },
            "end": { "line": 86, "column": 15 }
          }
        ],
        "line": 71
      },
      "3": {
        "loc": {
          "start": { "line": 98, "column": 10 },
          "end": { "line": 112, "column": 15 }
        },
        "type": "cond-expr",
        "locations": [
          {
            "start": { "line": 99, "column": 14 },
            "end": { "line": 111, "column": 15 }
          },
          {
            "start": { "line": 112, "column": 14 },
            "end": { "line": 112, "column": 15 }
          }
        ],
        "line": 98
      },
      "4": {
        "loc": {
          "start": { "line": 102, "column": 18 },
          "end": { "line": 109, "column": 23 }
        },
        "type": "cond-expr",
        "locations": [
          {
            "start": { "line": 103, "column": 22 },
            "end": { "line": 108, "column": 23 }
          },
          {
            "start": { "line": 109, "column": 22 },
            "end": { "line": 109, "column": 23 }
          }
        ],
        "line": 102
      },
      "5": {
        "loc": {
          "start": { "line": 124, "column": 10 },
          "end": { "line": 126, "column": 15 }
        },
        "type": "cond-expr",
        "locations": [
          {
            "start": { "line": 125, "column": 14 },
            "end": { "line": 125, "column": 69 }
          },
          {
            "start": { "line": 126, "column": 14 },
            "end": { "line": 126, "column": 15 }
          }
        ],
        "line": 124
      },
      "6": {
        "loc": {
          "start": { "line": 135, "column": 6 },
          "end": { "line": 135, "column": 36 }
        },
        "type": "if",
        "locations": [
          {
            "start": { "line": 135, "column": 6 },
            "end": { "line": 135, "column": 36 }
          },
          { "start": {}, "end": {} }
        ],
        "line": 135
      },
      "7": {
        "loc": {
          "start": { "line": 138, "column": 6 },
          "end": { "line": 138, "column": 41 }
        },
        "type": "if",
        "locations": [
          {
            "start": { "line": 138, "column": 6 },
            "end": { "line": 138, "column": 41 }
          },
          { "start": {}, "end": {} }
        ],
        "line": 138
      },
      "8": {
        "loc": {
          "start": { "line": 141, "column": 6 },
          "end": { "line": 151, "column": 7 }
        },
        "type": "if",
        "locations": [
          {
            "start": { "line": 141, "column": 6 },
            "end": { "line": 151, "column": 7 }
          },
          { "start": {}, "end": {} }
        ],
        "line": 141
      },
      "9": {
        "loc": {
          "start": { "line": 142, "column": 8 },
          "end": { "line": 142, "column": 48 }
        },
        "type": "if",
        "locations": [
          {
            "start": { "line": 142, "column": 8 },
            "end": { "line": 142, "column": 48 }
          },
          { "start": {}, "end": {} }
        ],
        "line": 142
      },
      "10": {
        "loc": {
          "start": { "line": 145, "column": 10 },
          "end": { "line": 147, "column": 69 }
        },
        "type": "cond-expr",
        "locations": [
          {
            "start": { "line": 146, "column": 14 },
            "end": { "line": 146, "column": 15 }
          },
          {
            "start": { "line": 147, "column": 14 },
            "end": { "line": 147, "column": 69 }
          }
        ],
        "line": 145
      },
      "11": {
        "loc": {
          "start": { "line": 157, "column": 8 },
          "end": { "line": 159, "column": 9 }
        },
        "type": "if",
        "locations": [
          {
            "start": { "line": 157, "column": 8 },
            "end": { "line": 159, "column": 9 }
          },
          { "start": {}, "end": {} }
        ],
        "line": 157
      },
      "12": {
        "loc": {
          "start": { "line": 160, "column": 8 },
          "end": { "line": 164, "column": 9 }
        },
        "type": "if",
        "locations": [
          {
            "start": { "line": 160, "column": 8 },
            "end": { "line": 164, "column": 9 }
          },
          { "start": {}, "end": {} }
        ],
        "line": 160
      },
      "13": {
        "loc": {
          "start": { "line": 175, "column": 10 },
          "end": { "line": 175, "column": 64 }
        },
        "type": "cond-expr",
        "locations": [
          {
            "start": { "line": 175, "column": 36 },
            "end": { "line": 175, "column": 60 }
          },
          {
            "start": { "line": 175, "column": 63 },
            "end": { "line": 175, "column": 64 }
          }
        ],
        "line": 175
      },
      "14": {
        "loc": {
          "start": { "line": 182, "column": 6 },
          "end": { "line": 182, "column": 46 }
        },
        "type": "if",
        "locations": [
          {
            "start": { "line": 182, "column": 6 },
            "end": { "line": 182, "column": 46 }
          },
          { "start": {}, "end": {} }
        ],
        "line": 182
      },
      "15": {
        "loc": {
          "start": { "line": 192, "column": 6 },
          "end": { "line": 192, "column": 45 }
        },
        "type": "if",
        "locations": [
          {
            "start": { "line": 192, "column": 6 },
            "end": { "line": 192, "column": 45 }
          },
          { "start": {}, "end": {} }
        ],
        "line": 192
      }
    },
    "s": {
      "0": 2,
      "1": 26,
      "2": 26,
      "3": 23,
      "4": 23,
      "5": 23,
      "6": 26,
      "7": 11,
      "8": 11,
      "9": 1,
      "10": 1,
      "11": 1,
      "12": 6,
      "13": 7,
      "14": 6,
      "15": 1,
      "16": 1,
      "17": 1,
      "18": 1,
      "19": 1,
      "20": 1,
      "21": 1,
      "22": 1,
      "23": 1,
      "24": 1,
      "25": 2,
      "26": 2,
      "27": 2,
      "28": 2,
      "29": 0,
      "30": 2,
      "31": 2,
      "32": 2,
      "33": 0,
      "34": 2,
      "35": 1,
      "36": 0,
      "37": 1,
      "38": 1,
      "39": 1,
      "40": 1,
      "41": 1,
      "42": 2,
      "43": 1,
      "44": 1,
      "45": 1,
      "46": 1,
      "47": 1,
      "48": 1,
      "49": 0,
      "50": 1,
      "51": 1,
      "52": 1,
      "53": 1,
      "54": 2,
      "55": 0,
      "56": 2,
      "57": 2,
      "58": 1,
      "59": 0,
      "60": 1,
      "61": 1,
      "62": 0
    },
    "f": {
      "0": 26,
      "1": 23,
      "2": 26,
      "3": 1,
      "4": 7,
      "5": 1,
      "6": 1,
      "7": 1,
      "8": 1,
      "9": 2,
      "10": 2,
      "11": 1,
      "12": 2,
      "13": 1,
      "14": 1
    },
    "b": {
      "0": [11, 1, 6, 1, 1, 2, 1, 2, 1, 0],
      "1": [1, 0],
      "2": [6, 1],
      "3": [1, 0],
      "4": [1, 0],
      "5": [1, 0],
      "6": [0, 2],
      "7": [0, 2],
      "8": [1, 1],
      "9": [0, 1],
      "10": [0, 1],
      "11": [1, 1],
      "12": [1, 0],
      "13": [1, 0],
      "14": [0, 2],
      "15": [0, 1]
    },
    "_coverageSchema": "1a1c01bbd47fc00a2c39e90264f33305004495a9",
    "hash": "eb028ea7bfbc75fa7abd083f88bcd63e89af537c"
  },
  "/home/amr/Coding/Projects/Trella/src/hooks/useOfflineSync.js": {
    "path": "/home/amr/Coding/Projects/Trella/src/hooks/useOfflineSync.js",
    "statementMap": {
      "0": {
        "start": { "line": 6, "column": 19 },
        "end": { "line": 6, "column": 38 }
      },
      "1": {
        "start": { "line": 7, "column": 21 },
        "end": { "line": 7, "column": 34 }
      },
      "2": {
        "start": { "line": 8, "column": 22 },
        "end": { "line": 8, "column": 33 }
      },
      "3": {
        "start": { "line": 9, "column": 26 },
        "end": { "line": 9, "column": 38 }
      },
      "4": {
        "start": { "line": 11, "column": 23 },
        "end": { "line": 52, "column": 18 }
      },
      "5": {
        "start": { "line": 12, "column": 4 },
        "end": { "line": 12, "column": 35 }
      },
      "6": {
        "start": { "line": 12, "column": 28 },
        "end": { "line": 12, "column": 35 }
      },
      "7": {
        "start": { "line": 13, "column": 4 },
        "end": { "line": 13, "column": 30 }
      },
      "8": {
        "start": { "line": 15, "column": 16 },
        "end": { "line": 15, "column": 37 }
      },
      "9": {
        "start": { "line": 17, "column": 4 },
        "end": { "line": 49, "column": 5 }
      },
      "10": {
        "start": { "line": 18, "column": 17 },
        "end": { "line": 18, "column": 25 }
      },
      "11": {
        "start": { "line": 19, "column": 6 },
        "end": { "line": 48, "column": 7 }
      },
      "12": {
        "start": { "line": 20, "column": 20 },
        "end": { "line": 20, "column": 43 }
      },
      "13": {
        "start": { "line": 22, "column": 8 },
        "end": { "line": 40, "column": 9 }
      },
      "14": {
        "start": { "line": 23, "column": 10 },
        "end": { "line": 38, "column": 13 }
      },
      "15": {
        "start": { "line": 27, "column": 14 },
        "end": { "line": 36, "column": 15 }
      },
      "16": {
        "start": { "line": 28, "column": 16 },
        "end": { "line": 28, "column": 38 }
      },
      "17": {
        "start": { "line": 28, "column": 31 },
        "end": { "line": 28, "column": 36 }
      },
      "18": {
        "start": { "line": 29, "column": 16 },
        "end": { "line": 29, "column": 63 }
      },
      "19": {
        "start": { "line": 29, "column": 33 },
        "end": { "line": 29, "column": 58 }
      },
      "20": {
        "start": { "line": 30, "column": 21 },
        "end": { "line": 36, "column": 15 }
      },
      "21": {
        "start": { "line": 31, "column": 16 },
        "end": { "line": 31, "column": 30 }
      },
      "22": {
        "start": { "line": 32, "column": 16 },
        "end": { "line": 32, "column": 41 }
      },
      "23": {
        "start": { "line": 33, "column": 16 },
        "end": { "line": 33, "column": 33 }
      },
      "24": {
        "start": { "line": 34, "column": 16 },
        "end": { "line": 34, "column": 38 }
      },
      "25": {
        "start": { "line": 34, "column": 31 },
        "end": { "line": 34, "column": 36 }
      },
      "26": {
        "start": { "line": 35, "column": 16 },
        "end": { "line": 35, "column": 63 }
      },
      "27": {
        "start": { "line": 35, "column": 33 },
        "end": { "line": 35, "column": 58 }
      },
      "28": {
        "start": { "line": 39, "column": 10 },
        "end": { "line": 39, "column": 16 }
      },
      "29": {
        "start": { "line": 42, "column": 8 },
        "end": { "line": 42, "column": 22 }
      },
      "30": {
        "start": { "line": 43, "column": 8 },
        "end": { "line": 43, "column": 33 }
      },
      "31": {
        "start": { "line": 44, "column": 8 },
        "end": { "line": 44, "column": 25 }
      },
      "32": {
        "start": { "line": 46, "column": 8 },
        "end": { "line": 46, "column": 51 }
      },
      "33": {
        "start": { "line": 47, "column": 8 },
        "end": { "line": 47, "column": 14 }
      },
      "34": {
        "start": { "line": 51, "column": 4 },
        "end": { "line": 51, "column": 31 }
      },
      "35": {
        "start": { "line": 55, "column": 2 },
        "end": { "line": 57, "column": 21 }
      },
      "36": {
        "start": { "line": 56, "column": 4 },
        "end": { "line": 56, "column": 43 }
      },
      "37": {
        "start": { "line": 59, "column": 2 },
        "end": { "line": 70, "column": 9 }
      },
      "38": {
        "start": { "line": 60, "column": 26 },
        "end": { "line": 60, "column": 59 }
      },
      "39": {
        "start": { "line": 60, "column": 32 },
        "end": { "line": 60, "column": 59 }
      },
      "40": {
        "start": { "line": 61, "column": 24 },
        "end": { "line": 61, "column": 57 }
      },
      "41": {
        "start": { "line": 61, "column": 30 },
        "end": { "line": 61, "column": 57 }
      },
      "42": {
        "start": { "line": 63, "column": 4 },
        "end": { "line": 63, "column": 53 }
      },
      "43": {
        "start": { "line": 64, "column": 18 },
        "end": { "line": 64, "column": 50 }
      },
      "44": {
        "start": { "line": 66, "column": 4 },
        "end": { "line": 69, "column": 6 }
      },
      "45": {
        "start": { "line": 67, "column": 6 },
        "end": { "line": 67, "column": 58 }
      },
      "46": {
        "start": { "line": 68, "column": 6 },
        "end": { "line": 68, "column": 27 }
      },
      "47": {
        "start": { "line": 72, "column": 18 },
        "end": { "line": 82, "column": 8 }
      },
      "48": {
        "start": { "line": 73, "column": 24 },
        "end": { "line": 77, "column": 5 }
      },
      "49": {
        "start": { "line": 79, "column": 4 },
        "end": { "line": 79, "column": 39 }
      },
      "50": {
        "start": { "line": 80, "column": 4 },
        "end": { "line": 80, "column": 32 }
      },
      "51": {
        "start": { "line": 81, "column": 4 },
        "end": { "line": 81, "column": 32 }
      },
      "52": {
        "start": { "line": 84, "column": 19 },
        "end": { "line": 84, "column": 63 }
      },
      "53": {
        "start": { "line": 84, "column": 37 },
        "end": { "line": 84, "column": 58 }
      },
      "54": {
        "start": { "line": 86, "column": 2 },
        "end": { "line": 86, "column": 31 }
      }
    },
    "fnMap": {
      "0": {
        "name": "useOfflineSync",
        "decl": {
          "start": { "line": 5, "column": 16 },
          "end": { "line": 5, "column": 30 }
        },
        "loc": {
          "start": { "line": 5, "column": 43 },
          "end": { "line": 87, "column": 1 }
        },
        "line": 5
      },
      "1": {
        "name": "(anonymous_1)",
        "decl": {
          "start": { "line": 11, "column": 35 },
          "end": { "line": 11, "column": 36 }
        },
        "loc": {
          "start": { "line": 11, "column": 47 },
          "end": { "line": 52, "column": 3 }
        },
        "line": 11
      },
      "2": {
        "name": "(anonymous_2)",
        "decl": {
          "start": { "line": 26, "column": 21 },
          "end": { "line": 26, "column": 22 }
        },
        "loc": {
          "start": { "line": 26, "column": 31 },
          "end": { "line": 37, "column": 13 }
        },
        "line": 26
      },
      "3": {
        "name": "(anonymous_3)",
        "decl": {
          "start": { "line": 28, "column": 24 },
          "end": { "line": 28, "column": 25 }
        },
        "loc": {
          "start": { "line": 28, "column": 31 },
          "end": { "line": 28, "column": 36 }
        },
        "line": 28
      },
      "4": {
        "name": "(anonymous_4)",
        "decl": {
          "start": { "line": 29, "column": 27 },
          "end": { "line": 29, "column": 28 }
        },
        "loc": {
          "start": { "line": 29, "column": 33 },
          "end": { "line": 29, "column": 58 }
        },
        "line": 29
      },
      "5": {
        "name": "(anonymous_5)",
        "decl": {
          "start": { "line": 34, "column": 24 },
          "end": { "line": 34, "column": 25 }
        },
        "loc": {
          "start": { "line": 34, "column": 31 },
          "end": { "line": 34, "column": 36 }
        },
        "line": 34
      },
      "6": {
        "name": "(anonymous_6)",
        "decl": {
          "start": { "line": 35, "column": 27 },
          "end": { "line": 35, "column": 28 }
        },
        "loc": {
          "start": { "line": 35, "column": 33 },
          "end": { "line": 35, "column": 58 }
        },
        "line": 35
      },
      "7": {
        "name": "(anonymous_7)",
        "decl": {
          "start": { "line": 55, "column": 12 },
          "end": { "line": 55, "column": 13 }
        },
        "loc": {
          "start": { "line": 55, "column": 18 },
          "end": { "line": 57, "column": 3 }
        },
        "line": 55
      },
      "8": {
        "name": "(anonymous_8)",
        "decl": {
          "start": { "line": 59, "column": 12 },
          "end": { "line": 59, "column": 13 }
        },
        "loc": {
          "start": { "line": 59, "column": 18 },
          "end": { "line": 70, "column": 3 }
        },
        "line": 59
      },
      "9": {
        "name": "(anonymous_9)",
        "decl": {
          "start": { "line": 60, "column": 26 },
          "end": { "line": 60, "column": 27 }
        },
        "loc": {
          "start": { "line": 60, "column": 32 },
          "end": { "line": 60, "column": 59 }
        },
        "line": 60
      },
      "10": {
        "name": "(anonymous_10)",
        "decl": {
          "start": { "line": 61, "column": 24 },
          "end": { "line": 61, "column": 25 }
        },
        "loc": {
          "start": { "line": 61, "column": 30 },
          "end": { "line": 61, "column": 57 }
        },
        "line": 61
      },
      "11": {
        "name": "(anonymous_11)",
        "decl": {
          "start": { "line": 66, "column": 11 },
          "end": { "line": 66, "column": 12 }
        },
        "loc": {
          "start": { "line": 66, "column": 17 },
          "end": { "line": 69, "column": 5 }
        },
        "line": 66
      },
      "12": {
        "name": "(anonymous_12)",
        "decl": {
          "start": { "line": 72, "column": 30 },
          "end": { "line": 72, "column": 31 }
        },
        "loc": {
          "start": { "line": 72, "column": 45 },
          "end": { "line": 82, "column": 3 }
        },
        "line": 72
      },
      "13": {
        "name": "(anonymous_13)",
        "decl": {
          "start": { "line": 84, "column": 31 },
          "end": { "line": 84, "column": 32 }
        },
        "loc": {
          "start": { "line": 84, "column": 37 },
          "end": { "line": 84, "column": 58 }
        },
        "line": 84
      }
    },
    "branchMap": {
      "0": {
        "loc": {
          "start": { "line": 12, "column": 4 },
          "end": { "line": 12, "column": 35 }
        },
        "type": "if",
        "locations": [
          {
            "start": { "line": 12, "column": 4 },
            "end": { "line": 12, "column": 35 }
          },
          { "start": {}, "end": {} }
        ],
        "line": 12
      },
      "1": {
        "loc": {
          "start": { "line": 22, "column": 8 },
          "end": { "line": 40, "column": 9 }
        },
        "type": "if",
        "locations": [
          {
            "start": { "line": 22, "column": 8 },
            "end": { "line": 40, "column": 9 }
          },
          { "start": {}, "end": {} }
        ],
        "line": 22
      },
      "2": {
        "loc": {
          "start": { "line": 22, "column": 12 },
          "end": { "line": 22, "column": 60 }
        },
        "type": "binary-expr",
        "locations": [
          {
            "start": { "line": 22, "column": 12 },
            "end": { "line": 22, "column": 24 }
          },
          {
            "start": { "line": 22, "column": 28 },
            "end": { "line": 22, "column": 60 }
          }
        ],
        "line": 22
      },
      "3": {
        "loc": {
          "start": { "line": 27, "column": 14 },
          "end": { "line": 36, "column": 15 }
        },
        "type": "if",
        "locations": [
          {
            "start": { "line": 27, "column": 14 },
            "end": { "line": 36, "column": 15 }
          },
          {
            "start": { "line": 30, "column": 21 },
            "end": { "line": 36, "column": 15 }
          }
        ],
        "line": 27
      },
      "4": {
        "loc": {
          "start": { "line": 30, "column": 21 },
          "end": { "line": 36, "column": 15 }
        },
        "type": "if",
        "locations": [
          {
            "start": { "line": 30, "column": 21 },
            "end": { "line": 36, "column": 15 }
          },
          { "start": {}, "end": {} }
        ],
        "line": 30
      },
      "5": {
        "loc": {
          "start": { "line": 75, "column": 17 },
          "end": { "line": 75, "column": 57 }
        },
        "type": "binary-expr",
        "locations": [
          {
            "start": { "line": 75, "column": 17 },
            "end": { "line": 75, "column": 36 }
          },
          {
            "start": { "line": 75, "column": 40 },
            "end": { "line": 75, "column": 57 }
          }
        ],
        "line": 75
      }
    },
    "s": {
      "0": 0,
      "1": 0,
      "2": 0,
      "3": 0,
      "4": 0,
      "5": 0,
      "6": 0,
      "7": 0,
      "8": 0,
      "9": 0,
      "10": 0,
      "11": 0,
      "12": 0,
      "13": 0,
      "14": 0,
      "15": 0,
      "16": 0,
      "17": 0,
      "18": 0,
      "19": 0,
      "20": 0,
      "21": 0,
      "22": 0,
      "23": 0,
      "24": 0,
      "25": 0,
      "26": 0,
      "27": 0,
      "28": 0,
      "29": 0,
      "30": 0,
      "31": 0,
      "32": 0,
      "33": 0,
      "34": 0,
      "35": 0,
      "36": 0,
      "37": 0,
      "38": 0,
      "39": 0,
      "40": 0,
      "41": 0,
      "42": 0,
      "43": 0,
      "44": 0,
      "45": 0,
      "46": 0,
      "47": 0,
      "48": 0,
      "49": 0,
      "50": 0,
      "51": 0,
      "52": 0,
      "53": 0,
      "54": 0
    },
    "f": {
      "0": 0,
      "1": 0,
      "2": 0,
      "3": 0,
      "4": 0,
      "5": 0,
      "6": 0,
      "7": 0,
      "8": 0,
      "9": 0,
      "10": 0,
      "11": 0,
      "12": 0,
      "13": 0
    },
    "b": {
      "0": [0, 0],
      "1": [0, 0],
      "2": [0, 0],
      "3": [0, 0],
      "4": [0, 0],
      "5": [0, 0]
    },
    "_coverageSchema": "1a1c01bbd47fc00a2c39e90264f33305004495a9",
    "hash": "34161dff435b86832b761c3fc3af0ad2e47c3cfe"
  },
  "/home/amr/Coding/Projects/Trella/src/services/api.js": {
    "path": "/home/amr/Coding/Projects/Trella/src/services/api.js",
    "statementMap": {
      "0": {
        "start": { "line": 2, "column": 18 },
        "end": { "line": 5, "column": 1 }
      },
      "1": {
        "start": { "line": 9, "column": 2 },
        "end": { "line": 9, "column": 74 }
      },
      "2": {
        "start": { "line": 9, "column": 30 },
        "end": { "line": 9, "column": 72 }
      },
      "3": {
        "start": { "line": 14, "column": 2 },
        "end": { "line": 16, "column": 3 }
      },
      "4": {
        "start": { "line": 15, "column": 4 },
        "end": { "line": 15, "column": 36 }
      },
      "5": {
        "start": { "line": 26, "column": 2 },
        "end": { "line": 26, "column": 22 }
      },
      "6": {
        "start": { "line": 27, "column": 2 },
        "end": { "line": 27, "column": 14 }
      },
      "7": {
        "start": { "line": 29, "column": 41 },
        "end": { "line": 29, "column": 50 }
      },
      "8": {
        "start": { "line": 31, "column": 2 },
        "end": { "line": 122, "column": 3 }
      },
      "9": {
        "start": { "line": 33, "column": 6 },
        "end": { "line": 40, "column": 9 }
      },
      "10": {
        "start": { "line": 41, "column": 6 },
        "end": { "line": 41, "column": 12 }
      },
      "11": {
        "start": { "line": 44, "column": 19 },
        "end": { "line": 44, "column": 69 }
      },
      "12": {
        "start": { "line": 44, "column": 49 },
        "end": { "line": 44, "column": 68 }
      },
      "13": {
        "start": { "line": 45, "column": 6 },
        "end": { "line": 49, "column": 7 }
      },
      "14": {
        "start": { "line": 46, "column": 8 },
        "end": { "line": 46, "column": 35 }
      },
      "15": {
        "start": { "line": 47, "column": 8 },
        "end": { "line": 47, "column": 26 }
      },
      "16": {
        "start": { "line": 48, "column": 8 },
        "end": { "line": 48, "column": 41 }
      },
      "17": {
        "start": { "line": 50, "column": 6 },
        "end": { "line": 50, "column": 12 }
      },
      "18": {
        "start": { "line": 54, "column": 19 },
        "end": { "line": 54, "column": 73 }
      },
      "19": {
        "start": { "line": 54, "column": 49 },
        "end": { "line": 54, "column": 72 }
      },
      "20": {
        "start": { "line": 55, "column": 6 },
        "end": { "line": 63, "column": 7 }
      },
      "21": {
        "start": { "line": 56, "column": 24 },
        "end": { "line": 60, "column": 9 }
      },
      "22": {
        "start": { "line": 61, "column": 8 },
        "end": { "line": 61, "column": 33 }
      },
      "23": {
        "start": { "line": 62, "column": 8 },
        "end": { "line": 62, "column": 40 }
      },
      "24": {
        "start": { "line": 64, "column": 6 },
        "end": { "line": 64, "column": 12 }
      },
      "25": {
        "start": { "line": 69, "column": 25 },
        "end": { "line": 69, "column": 79 }
      },
      "26": {
        "start": { "line": 69, "column": 55 },
        "end": { "line": 69, "column": 78 }
      },
      "27": {
        "start": { "line": 70, "column": 6 },
        "end": { "line": 70, "column": 29 }
      },
      "28": {
        "start": { "line": 70, "column": 23 },
        "end": { "line": 70, "column": 29 }
      },
      "29": {
        "start": { "line": 73, "column": 6 },
        "end": { "line": 75, "column": 7 }
      },
      "30": {
        "start": { "line": 74, "column": 8 },
        "end": { "line": 74, "column": 46 }
      },
      "31": {
        "start": { "line": 78, "column": 6 },
        "end": { "line": 78, "column": 49 }
      },
      "32": {
        "start": { "line": 79, "column": 6 },
        "end": { "line": 79, "column": 30 }
      },
      "33": {
        "start": { "line": 80, "column": 6 },
        "end": { "line": 80, "column": 45 }
      },
      "34": {
        "start": { "line": 83, "column": 19 },
        "end": { "line": 83, "column": 73 }
      },
      "35": {
        "start": { "line": 83, "column": 49 },
        "end": { "line": 83, "column": 72 }
      },
      "36": {
        "start": { "line": 84, "column": 25 },
        "end": { "line": 84, "column": 73 }
      },
      "37": {
        "start": { "line": 84, "column": 49 },
        "end": { "line": 84, "column": 72 }
      },
      "38": {
        "start": { "line": 85, "column": 6 },
        "end": { "line": 85, "column": 60 }
      },
      "39": {
        "start": { "line": 85, "column": 22 },
        "end": { "line": 85, "column": 60 }
      },
      "40": {
        "start": { "line": 86, "column": 6 },
        "end": { "line": 86, "column": 12 }
      },
      "41": {
        "start": { "line": 90, "column": 19 },
        "end": { "line": 90, "column": 73 }
      },
      "42": {
        "start": { "line": 90, "column": 49 },
        "end": { "line": 90, "column": 72 }
      },
      "43": {
        "start": { "line": 91, "column": 6 },
        "end": { "line": 93, "column": 7 }
      },
      "44": {
        "start": { "line": 92, "column": 8 },
        "end": { "line": 92, "column": 71 }
      },
      "45": {
        "start": { "line": 92, "column": 46 },
        "end": { "line": 92, "column": 69 }
      },
      "46": {
        "start": { "line": 94, "column": 6 },
        "end": { "line": 96, "column": 8 }
      },
      "47": {
        "start": { "line": 95, "column": 15 },
        "end": { "line": 95, "column": 38 }
      },
      "48": {
        "start": { "line": 97, "column": 6 },
        "end": { "line": 97, "column": 12 }
      },
      "49": {
        "start": { "line": 101, "column": 52 },
        "end": { "line": 101, "column": 59 }
      },
      "50": {
        "start": { "line": 103, "column": 21 },
        "end": { "line": 103, "column": 69 }
      },
      "51": {
        "start": { "line": 103, "column": 51 },
        "end": { "line": 103, "column": 68 }
      },
      "52": {
        "start": { "line": 104, "column": 21 },
        "end": { "line": 104, "column": 67 }
      },
      "53": {
        "start": { "line": 104, "column": 51 },
        "end": { "line": 104, "column": 66 }
      },
      "54": {
        "start": { "line": 105, "column": 6 },
        "end": { "line": 105, "column": 36 }
      },
      "55": {
        "start": { "line": 105, "column": 30 },
        "end": { "line": 105, "column": 36 }
      },
      "56": {
        "start": { "line": 107, "column": 19 },
        "end": { "line": 107, "column": 60 }
      },
      "57": {
        "start": { "line": 107, "column": 44 },
        "end": { "line": 107, "column": 59 }
      },
      "58": {
        "start": { "line": 108, "column": 6 },
        "end": { "line": 108, "column": 23 }
      },
      "59": {
        "start": { "line": 108, "column": 17 },
        "end": { "line": 108, "column": 23 }
      },
      "60": {
        "start": { "line": 110, "column": 6 },
        "end": { "line": 110, "column": 65 }
      },
      "61": {
        "start": { "line": 110, "column": 48 },
        "end": { "line": 110, "column": 63 }
      },
      "62": {
        "start": { "line": 111, "column": 6 },
        "end": { "line": 111, "column": 44 }
      },
      "63": {
        "start": { "line": 114, "column": 6 },
        "end": { "line": 114, "column": 27 }
      },
      "64": {
        "start": { "line": 115, "column": 6 },
        "end": { "line": 115, "column": 24 }
      },
      "65": {
        "start": { "line": 116, "column": 6 },
        "end": { "line": 116, "column": 39 }
      },
      "66": {
        "start": { "line": 117, "column": 6 },
        "end": { "line": 117, "column": 12 }
      },
      "67": {
        "start": { "line": 121, "column": 6 },
        "end": { "line": 121, "column": 12 }
      },
      "68": {
        "start": { "line": 124, "column": 2 },
        "end": { "line": 124, "column": 27 }
      },
      "69": {
        "start": { "line": 132, "column": 2 },
        "end": { "line": 132, "column": 21 }
      }
    },
    "fnMap": {
      "0": {
        "name": "randomDelay",
        "decl": {
          "start": { "line": 8, "column": 9 },
          "end": { "line": 8, "column": 20 }
        },
        "loc": {
          "start": { "line": 8, "column": 23 },
          "end": { "line": 10, "column": 1 }
        },
        "line": 8
      },
      "1": {
        "name": "(anonymous_1)",
        "decl": {
          "start": { "line": 9, "column": 21 },
          "end": { "line": 9, "column": 22 }
        },
        "loc": {
          "start": { "line": 9, "column": 30 },
          "end": { "line": 9, "column": 72 }
        },
        "line": 9
      },
      "2": {
        "name": "maybeFail",
        "decl": {
          "start": { "line": 13, "column": 9 },
          "end": { "line": 13, "column": 18 }
        },
        "loc": {
          "start": { "line": 13, "column": 21 },
          "end": { "line": 17, "column": 1 }
        },
        "line": 13
      },
      "3": {
        "name": "syncOperation",
        "decl": {
          "start": { "line": 25, "column": 22 },
          "end": { "line": 25, "column": 35 }
        },
        "loc": {
          "start": { "line": 25, "column": 47 },
          "end": { "line": 125, "column": 1 }
        },
        "line": 25
      },
      "4": {
        "name": "(anonymous_4)",
        "decl": {
          "start": { "line": 44, "column": 42 },
          "end": { "line": 44, "column": 43 }
        },
        "loc": {
          "start": { "line": 44, "column": 49 },
          "end": { "line": 44, "column": 68 }
        },
        "line": 44
      },
      "5": {
        "name": "(anonymous_5)",
        "decl": {
          "start": { "line": 54, "column": 42 },
          "end": { "line": 54, "column": 43 }
        },
        "loc": {
          "start": { "line": 54, "column": 49 },
          "end": { "line": 54, "column": 72 }
        },
        "line": 54
      },
      "6": {
        "name": "(anonymous_6)",
        "decl": {
          "start": { "line": 69, "column": 48 },
          "end": { "line": 69, "column": 49 }
        },
        "loc": {
          "start": { "line": 69, "column": 55 },
          "end": { "line": 69, "column": 78 }
        },
        "line": 69
      },
      "7": {
        "name": "(anonymous_7)",
        "decl": {
          "start": { "line": 83, "column": 42 },
          "end": { "line": 83, "column": 43 }
        },
        "loc": {
          "start": { "line": 83, "column": 49 },
          "end": { "line": 83, "column": 72 }
        },
        "line": 83
      },
      "8": {
        "name": "(anonymous_8)",
        "decl": {
          "start": { "line": 84, "column": 42 },
          "end": { "line": 84, "column": 43 }
        },
        "loc": {
          "start": { "line": 84, "column": 49 },
          "end": { "line": 84, "column": 72 }
        },
        "line": 84
      },
      "9": {
        "name": "(anonymous_9)",
        "decl": {
          "start": { "line": 90, "column": 42 },
          "end": { "line": 90, "column": 43 }
        },
        "loc": {
          "start": { "line": 90, "column": 49 },
          "end": { "line": 90, "column": 72 }
        },
        "line": 90
      },
      "10": {
        "name": "(anonymous_10)",
        "decl": {
          "start": { "line": 92, "column": 39 },
          "end": { "line": 92, "column": 40 }
        },
        "loc": {
          "start": { "line": 92, "column": 46 },
          "end": { "line": 92, "column": 69 }
        },
        "line": 92
      },
      "11": {
        "name": "(anonymous_11)",
        "decl": {
          "start": { "line": 95, "column": 8 },
          "end": { "line": 95, "column": 9 }
        },
        "loc": {
          "start": { "line": 95, "column": 15 },
          "end": { "line": 95, "column": 38 }
        },
        "line": 95
      },
      "12": {
        "name": "(anonymous_12)",
        "decl": {
          "start": { "line": 103, "column": 44 },
          "end": { "line": 103, "column": 45 }
        },
        "loc": {
          "start": { "line": 103, "column": 51 },
          "end": { "line": 103, "column": 68 }
        },
        "line": 103
      },
      "13": {
        "name": "(anonymous_13)",
        "decl": {
          "start": { "line": 104, "column": 44 },
          "end": { "line": 104, "column": 45 }
        },
        "loc": {
          "start": { "line": 104, "column": 51 },
          "end": { "line": 104, "column": 66 }
        },
        "line": 104
      },
      "14": {
        "name": "(anonymous_14)",
        "decl": {
          "start": { "line": 107, "column": 37 },
          "end": { "line": 107, "column": 38 }
        },
        "loc": {
          "start": { "line": 107, "column": 44 },
          "end": { "line": 107, "column": 59 }
        },
        "line": 107
      },
      "15": {
        "name": "(anonymous_15)",
        "decl": {
          "start": { "line": 110, "column": 41 },
          "end": { "line": 110, "column": 42 }
        },
        "loc": {
          "start": { "line": 110, "column": 48 },
          "end": { "line": 110, "column": 63 }
        },
        "line": 110
      },
      "16": {
        "name": "getServerState",
        "decl": {
          "start": { "line": 131, "column": 16 },
          "end": { "line": 131, "column": 30 }
        },
        "loc": {
          "start": { "line": 131, "column": 33 },
          "end": { "line": 133, "column": 1 }
        },
        "line": 131
      }
    },
    "branchMap": {
      "0": {
        "loc": {
          "start": { "line": 14, "column": 2 },
          "end": { "line": 16, "column": 3 }
        },
        "type": "if",
        "locations": [
          {
            "start": { "line": 14, "column": 2 },
            "end": { "line": 16, "column": 3 }
          },
          { "start": {}, "end": {} }
        ],
        "line": 14
      },
      "1": {
        "loc": {
          "start": { "line": 31, "column": 2 },
          "end": { "line": 122, "column": 3 }
        },
        "type": "switch",
        "locations": [
          {
            "start": { "line": 32, "column": 4 },
            "end": { "line": 41, "column": 12 }
          },
          {
            "start": { "line": 43, "column": 4 },
            "end": { "line": 51, "column": 5 }
          },
          {
            "start": { "line": 53, "column": 4 },
            "end": { "line": 65, "column": 5 }
          },
          {
            "start": { "line": 67, "column": 4 },
            "end": { "line": 87, "column": 5 }
          },
          {
            "start": { "line": 89, "column": 4 },
            "end": { "line": 98, "column": 5 }
          },
          {
            "start": { "line": 100, "column": 4 },
            "end": { "line": 118, "column": 5 }
          },
          {
            "start": { "line": 120, "column": 4 },
            "end": { "line": 121, "column": 12 }
          }
        ],
        "line": 31
      },
      "2": {
        "loc": {
          "start": { "line": 45, "column": 6 },
          "end": { "line": 49, "column": 7 }
        },
        "type": "if",
        "locations": [
          {
            "start": { "line": 45, "column": 6 },
            "end": { "line": 49, "column": 7 }
          },
          { "start": {}, "end": {} }
        ],
        "line": 45
      },
      "3": {
        "loc": {
          "start": { "line": 55, "column": 6 },
          "end": { "line": 63, "column": 7 }
        },
        "type": "if",
        "locations": [
          {
            "start": { "line": 55, "column": 6 },
            "end": { "line": 63, "column": 7 }
          },
          { "start": {}, "end": {} }
        ],
        "line": 55
      },
      "4": {
        "loc": {
          "start": { "line": 70, "column": 6 },
          "end": { "line": 70, "column": 29 }
        },
        "type": "if",
        "locations": [
          {
            "start": { "line": 70, "column": 6 },
            "end": { "line": 70, "column": 29 }
          },
          { "start": {}, "end": {} }
        ],
        "line": 70
      },
      "5": {
        "loc": {
          "start": { "line": 73, "column": 6 },
          "end": { "line": 75, "column": 7 }
        },
        "type": "if",
        "locations": [
          {
            "start": { "line": 73, "column": 6 },
            "end": { "line": 75, "column": 7 }
          },
          { "start": {}, "end": {} }
        ],
        "line": 73
      },
      "6": {
        "loc": {
          "start": { "line": 85, "column": 6 },
          "end": { "line": 85, "column": 60 }
        },
        "type": "if",
        "locations": [
          {
            "start": { "line": 85, "column": 6 },
            "end": { "line": 85, "column": 60 }
          },
          { "start": {}, "end": {} }
        ],
        "line": 85
      },
      "7": {
        "loc": {
          "start": { "line": 91, "column": 6 },
          "end": { "line": 93, "column": 7 }
        },
        "type": "if",
        "locations": [
          {
            "start": { "line": 91, "column": 6 },
            "end": { "line": 93, "column": 7 }
          },
          { "start": {}, "end": {} }
        ],
        "line": 91
      },
      "8": {
        "loc": {
          "start": { "line": 105, "column": 6 },
          "end": { "line": 105, "column": 36 }
        },
        "type": "if",
        "locations": [
          {
            "start": { "line": 105, "column": 6 },
            "end": { "line": 105, "column": 36 }
          },
          { "start": {}, "end": {} }
        ],
        "line": 105
      },
      "9": {
        "loc": {
          "start": { "line": 105, "column": 10 },
          "end": { "line": 105, "column": 28 }
        },
        "type": "binary-expr",
        "locations": [
          {
            "start": { "line": 105, "column": 10 },
            "end": { "line": 105, "column": 17 }
          },
          {
            "start": { "line": 105, "column": 21 },
            "end": { "line": 105, "column": 28 }
          }
        ],
        "line": 105
      },
      "10": {
        "loc": {
          "start": { "line": 108, "column": 6 },
          "end": { "line": 108, "column": 23 }
        },
        "type": "if",
        "locations": [
          {
            "start": { "line": 108, "column": 6 },
            "end": { "line": 108, "column": 23 }
          },
          { "start": {}, "end": {} }
        ],
        "line": 108
      }
    },
    "s": {
      "0": 3,
      "1": 23,
      "2": 23,
      "3": 23,
      "4": 0,
      "5": 23,
      "6": 23,
      "7": 23,
      "8": 23,
      "9": 9,
      "10": 9,
      "11": 1,
      "12": 1,
      "13": 1,
      "14": 1,
      "15": 1,
      "16": 1,
      "17": 1,
      "18": 7,
      "19": 7,
      "20": 7,
      "21": 7,
      "22": 7,
      "23": 7,
      "24": 7,
      "25": 3,
      "26": 3,
      "27": 3,
      "28": 0,
      "29": 3,
      "30": 1,
      "31": 2,
      "32": 2,
      "33": 2,
      "34": 2,
      "35": 2,
      "36": 2,
      "37": 2,
      "38": 2,
      "39": 2,
      "40": 2,
      "41": 1,
      "42": 1,
      "43": 1,
      "44": 1,
      "45": 1,
      "46": 1,
      "47": 1,
      "48": 1,
      "49": 2,
      "50": 2,
      "51": 2,
      "52": 2,
      "53": 3,
      "54": 2,
      "55": 0,
      "56": 2,
      "57": 2,
      "58": 2,
      "59": 0,
      "60": 2,
      "61": 3,
      "62": 2,
      "63": 2,
      "64": 2,
      "65": 2,
      "66": 2,
      "67": 0,
      "68": 22,
      "69": 17
    },
    "f": {
      "0": 23,
      "1": 23,
      "2": 23,
      "3": 23,
      "4": 1,
      "5": 7,
      "6": 3,
      "7": 2,
      "8": 2,
      "9": 1,
      "10": 1,
      "11": 1,
      "12": 2,
      "13": 3,
      "14": 2,
      "15": 3,
      "16": 17
    },
    "b": {
      "0": [0, 23],
      "1": [9, 1, 7, 3, 1, 2, 0],
      "2": [1, 0],
      "3": [7, 0],
      "4": [0, 3],
      "5": [1, 2],
      "6": [2, 0],
      "7": [1, 0],
      "8": [0, 2],
      "9": [2, 2],
      "10": [0, 2]
    },
    "_coverageSchema": "1a1c01bbd47fc00a2c39e90264f33305004495a9",
    "hash": "3749da50af1d36003ec14107fb49d9e5b6992e93"
  },
  "/home/amr/Coding/Projects/Trella/src/storage/storage.js": {
    "path": "/home/amr/Coding/Projects/Trella/src/storage/storage.js",
    "statementMap": {
      "0": {
        "start": { "line": 5, "column": 28 },
        "end": { "line": 5, "column": 55 }
      },
      "1": {
        "start": { "line": 6, "column": 40 },
        "end": { "line": 6, "column": 73 }
      },
      "2": {
        "start": { "line": 7, "column": 19 },
        "end": { "line": 7, "column": 31 }
      },
      "3": {
        "start": { "line": 8, "column": 24 },
        "end": { "line": 8, "column": 36 }
      },
      "4": {
        "start": { "line": 11, "column": 2 },
        "end": { "line": 15, "column": 9 }
      },
      "5": {
        "start": { "line": 12, "column": 4 },
        "end": { "line": 14, "column": 5 }
      },
      "6": {
        "start": { "line": 13, "column": 6 },
        "end": { "line": 13, "column": 36 }
      },
      "7": {
        "start": { "line": 18, "column": 22 },
        "end": { "line": 21, "column": 43 }
      },
      "8": {
        "start": { "line": 19, "column": 4 },
        "end": { "line": 19, "column": 35 }
      },
      "9": {
        "start": { "line": 20, "column": 4 },
        "end": { "line": 20, "column": 14 }
      },
      "10": {
        "start": { "line": 24, "column": 2 },
        "end": { "line": 53, "column": 20 }
      },
      "11": {
        "start": { "line": 25, "column": 26 },
        "end": { "line": 49, "column": 5 }
      },
      "12": {
        "start": { "line": 26, "column": 6 },
        "end": { "line": 28, "column": 7 }
      },
      "13": {
        "start": { "line": 27, "column": 8 },
        "end": { "line": 27, "column": 22 }
      },
      "14": {
        "start": { "line": 31, "column": 6 },
        "end": { "line": 48, "column": 7 }
      },
      "15": {
        "start": { "line": 32, "column": 22 },
        "end": { "line": 32, "column": 38 }
      },
      "16": {
        "start": { "line": 33, "column": 8 },
        "end": { "line": 33, "column": 27 }
      },
      "17": {
        "start": { "line": 33, "column": 20 },
        "end": { "line": 33, "column": 27 }
      },
      "18": {
        "start": { "line": 35, "column": 34 },
        "end": { "line": 37, "column": 9 }
      },
      "19": {
        "start": { "line": 38, "column": 29 },
        "end": { "line": 38, "column": 49 }
      },
      "20": {
        "start": { "line": 39, "column": 28 },
        "end": { "line": 39, "column": 75 }
      },
      "21": {
        "start": { "line": 41, "column": 8 },
        "end": { "line": 47, "column": 9 }
      },
      "22": {
        "start": { "line": 42, "column": 10 },
        "end": { "line": 42, "column": 29 }
      },
      "23": {
        "start": { "line": 43, "column": 10 },
        "end": { "line": 43, "column": 30 }
      },
      "24": {
        "start": { "line": 44, "column": 15 },
        "end": { "line": 47, "column": 9 }
      },
      "25": {
        "start": { "line": 45, "column": 10 },
        "end": { "line": 45, "column": 29 }
      },
      "26": {
        "start": { "line": 46, "column": 10 },
        "end": { "line": 46, "column": 31 }
      },
      "27": {
        "start": { "line": 51, "column": 4 },
        "end": { "line": 51, "column": 56 }
      },
      "28": {
        "start": { "line": 52, "column": 4 },
        "end": { "line": 52, "column": 72 }
      },
      "29": {
        "start": { "line": 52, "column": 17 },
        "end": { "line": 52, "column": 71 }
      },
      "30": {
        "start": { "line": 55, "column": 2 },
        "end": { "line": 55, "column": 25 }
      },
      "31": {
        "start": { "line": 55, "column": 13 },
        "end": { "line": 55, "column": 25 }
      },
      "32": {
        "start": { "line": 57, "column": 2 },
        "end": { "line": 126, "column": 4 }
      },
      "33": {
        "start": { "line": 61, "column": 8 },
        "end": { "line": 61, "column": 56 }
      },
      "34": {
        "start": { "line": 61, "column": 42 },
        "end": { "line": 61, "column": 56 }
      },
      "35": {
        "start": { "line": 86, "column": 29 },
        "end": { "line": 86, "column": 53 }
      },
      "36": {
        "start": { "line": 102, "column": 29 },
        "end": { "line": 102, "column": 59 }
      }
    },
    "fnMap": {
      "0": {
        "name": "CardDetailModal",
        "decl": {
          "start": { "line": 3, "column": 24 },
          "end": { "line": 3, "column": 39 }
        },
        "loc": {
          "start": { "line": 3, "column": 67 },
          "end": { "line": 127, "column": 1 }
        },
        "line": 3
      },
      "1": {
        "name": "(anonymous_1)",
        "decl": {
          "start": { "line": 11, "column": 12 },
          "end": { "line": 11, "column": 13 }
        },
        "loc": {
          "start": { "line": 11, "column": 18 },
          "end": { "line": 15, "column": 3 }
        },
        "line": 11
      },
      "2": {
        "name": "(anonymous_2)",
        "decl": {
          "start": { "line": 18, "column": 34 },
          "end": { "line": 18, "column": 35 }
        },
        "loc": {
          "start": { "line": 18, "column": 40 },
          "end": { "line": 21, "column": 3 }
        },
        "line": 18
      },
      "3": {
        "name": "(anonymous_3)",
        "decl": {
          "start": { "line": 24, "column": 12 },
          "end": { "line": 24, "column": 13 }
        },
        "loc": {
          "start": { "line": 24, "column": 18 },
          "end": { "line": 53, "column": 3 }
        },
        "line": 24
      },
      "4": {
        "name": "(anonymous_4)",
        "decl": {
          "start": { "line": 25, "column": 26 },
          "end": { "line": 25, "column": 27 }
        },
        "loc": {
          "start": { "line": 25, "column": 33 },
          "end": { "line": 49, "column": 5 }
        },
        "line": 25
      },
      "5": {
        "name": "(anonymous_5)",
        "decl": {
          "start": { "line": 52, "column": 11 },
          "end": { "line": 52, "column": 12 }
        },
        "loc": {
          "start": { "line": 52, "column": 17 },
          "end": { "line": 52, "column": 71 }
        },
        "line": 52
      },
      "6": {
        "name": "(anonymous_6)",
        "decl": {
          "start": { "line": 60, "column": 15 },
          "end": { "line": 60, "column": 16 }
        },
        "loc": {
          "start": { "line": 60, "column": 22 },
          "end": { "line": 62, "column": 7 }
        },
        "line": 60
      },
      "7": {
        "name": "(anonymous_7)",
        "decl": {
          "start": { "line": 86, "column": 22 },
          "end": { "line": 86, "column": 23 }
        },
        "loc": {
          "start": { "line": 86, "column": 29 },
          "end": { "line": 86, "column": 53 }
        },
        "line": 86
      },
      "8": {
        "name": "(anonymous_8)",
        "decl": {
          "start": { "line": 102, "column": 22 },
          "end": { "line": 102, "column": 23 }
        },
        "loc": {
          "start": { "line": 102, "column": 29 },
          "end": { "line": 102, "column": 59 }
        },
        "line": 102
      }
    },
    "branchMap": {
      "0": {
        "loc": {
          "start": { "line": 5, "column": 37 },
          "end": { "line": 5, "column": 54 }
        },
        "type": "binary-expr",
        "locations": [
          {
            "start": { "line": 5, "column": 37 },
            "end": { "line": 5, "column": 48 }
          },
          {
            "start": { "line": 5, "column": 52 },
            "end": { "line": 5, "column": 54 }
          }
        ],
        "line": 5
      },
      "1": {
        "loc": {
          "start": { "line": 6, "column": 49 },
          "end": { "line": 6, "column": 72 }
        },
        "type": "binary-expr",
        "locations": [
          {
            "start": { "line": 6, "column": 49 },
            "end": { "line": 6, "column": 66 }
          },
          {
            "start": { "line": 6, "column": 70 },
            "end": { "line": 6, "column": 72 }
          }
        ],
        "line": 6
      },
      "2": {
        "loc": {
          "start": { "line": 12, "column": 4 },
          "end": { "line": 14, "column": 5 }
        },
        "type": "if",
        "locations": [
          {
            "start": { "line": 12, "column": 4 },
            "end": { "line": 14, "column": 5 }
          },
          { "start": {}, "end": {} }
        ],
        "line": 12
      },
      "3": {
        "loc": {
          "start": { "line": 26, "column": 6 },
          "end": { "line": 28, "column": 7 }
        },
        "type": "if",
        "locations": [
          {
            "start": { "line": 26, "column": 6 },
            "end": { "line": 28, "column": 7 }
          },
          { "start": {}, "end": {} }
        ],
        "line": 26
      },
      "4": {
        "loc": {
          "start": { "line": 31, "column": 6 },
          "end": { "line": 48, "column": 7 }
        },
        "type": "if",
        "locations": [
          {
            "start": { "line": 31, "column": 6 },
            "end": { "line": 48, "column": 7 }
          },
          { "start": {}, "end": {} }
        ],
        "line": 31
      },
      "5": {
        "loc": {
          "start": { "line": 33, "column": 8 },
          "end": { "line": 33, "column": 27 }
        },
        "type": "if",
        "locations": [
          {
            "start": { "line": 33, "column": 8 },
            "end": { "line": 33, "column": 27 }
          },
          { "start": {}, "end": {} }
        ],
        "line": 33
      },
      "6": {
        "loc": {
          "start": { "line": 41, "column": 8 },
          "end": { "line": 47, "column": 9 }
        },
        "type": "if",
        "locations": [
          {
            "start": { "line": 41, "column": 8 },
            "end": { "line": 47, "column": 9 }
          },
          {
            "start": { "line": 44, "column": 15 },
            "end": { "line": 47, "column": 9 }
          }
        ],
        "line": 41
      },
      "7": {
        "loc": {
          "start": { "line": 41, "column": 12 },
          "end": { "line": 41, "column": 65 }
        },
        "type": "binary-expr",
        "locations": [
          {
            "start": { "line": 41, "column": 12 },
            "end": { "line": 41, "column": 22 }
          },
          {
            "start": { "line": 41, "column": 26 },
            "end": { "line": 41, "column": 65 }
          }
        ],
        "line": 41
      },
      "8": {
        "loc": {
          "start": { "line": 44, "column": 15 },
          "end": { "line": 47, "column": 9 }
        },
        "type": "if",
        "locations": [
          {
            "start": { "line": 44, "column": 15 },
            "end": { "line": 47, "column": 9 }
          },
          { "start": {}, "end": {} }
        ],
        "line": 44
      },
      "9": {
        "loc": {
          "start": { "line": 44, "column": 19 },
          "end": { "line": 44, "column": 72 }
        },
        "type": "binary-expr",
        "locations": [
          {
            "start": { "line": 44, "column": 19 },
            "end": { "line": 44, "column": 30 }
          },
          {
            "start": { "line": 44, "column": 34 },
            "end": { "line": 44, "column": 72 }
          }
        ],
        "line": 44
      },
      "10": {
        "loc": {
          "start": { "line": 55, "column": 2 },
          "end": { "line": 55, "column": 25 }
        },
        "type": "if",
        "locations": [
          {
            "start": { "line": 55, "column": 2 },
            "end": { "line": 55, "column": 25 }
          },
          { "start": {}, "end": {} }
        ],
        "line": 55
      },
      "11": {
        "loc": {
          "start": { "line": 61, "column": 8 },
          "end": { "line": 61, "column": 56 }
        },
        "type": "if",
        "locations": [
          {
            "start": { "line": 61, "column": 8 },
            "end": { "line": 61, "column": 56 }
          },
          { "start": {}, "end": {} }
        ],
        "line": 61
      }
    },
    "s": {
      "0": 0,
      "1": 0,
      "2": 0,
      "3": 0,
      "4": 0,
      "5": 0,
      "6": 0,
      "7": 0,
      "8": 0,
      "9": 0,
      "10": 0,
      "11": 0,
      "12": 0,
      "13": 0,
      "14": 0,
      "15": 0,
      "16": 0,
      "17": 0,
      "18": 0,
      "19": 0,
      "20": 0,
      "21": 0,
      "22": 0,
      "23": 0,
      "24": 0,
      "25": 0,
      "26": 0,
      "27": 0,
      "28": 0,
      "29": 0,
      "30": 0,
      "31": 0,
      "32": 0,
      "33": 0,
      "34": 0,
      "35": 0,
      "36": 0
    },
    "f": {
      "0": 0,
      "1": 0,
      "2": 0,
      "3": 0,
      "4": 0,
      "5": 0,
      "6": 0,
      "7": 0,
      "8": 0
    },
    "b": {
      "0": [0, 0],
      "1": [0, 0],
      "2": [0, 0],
      "3": [0, 0],
      "4": [0, 0],
      "5": [0, 0],
      "6": [0, 0],
      "7": [0, 0],
      "8": [0, 0],
      "9": [0, 0],
      "10": [0, 0],
      "11": [0, 0]
    },
    "_coverageSchema": "1a1c01bbd47fc00a2c39e90264f33305004495a9",
    "hash": "055934d20a9dd6d66439af287a8e0f5e1e897b71"
  }
}
