TN:
SF:src/components/Board.jsx
FN:11,Board
FN:22,onDragEnd
FN:31,(anonymous_2)
FN:35,(anonymous_3)
FN:49,(anonymous_4)
FN:68,(anonymous_5)
FN:69,(anonymous_6)
FNF:7
FNH:3
FNDA:5,Board
FNDA:0,onDragEnd
FNDA:0,(anonymous_2)
FNDA:0,(anonymous_3)
FNDA:0,(anonymous_4)
FNDA:11,(anonymous_5)
FNDA:10,(anonymous_6)
DA:12,5
DA:14,5
DA:23,0
DA:25,0
DA:28,0
DA:29,0
DA:31,0
DA:32,0
DA:34,0
DA:35,0
DA:38,0
DA:44,0
DA:48,0
DA:49,0
DA:50,0
DA:52,0
DA:60,5
DA:68,11
DA:70,10
LF:19
LH:5
BRDA:23,0,0,0
BRDA:23,0,1,0
BRDA:28,1,0,0
BRDA:28,1,1,0
BRDA:32,2,0,0
BRDA:32,2,1,0
BRDA:50,3,0,0
BRDA:50,3,1,0
BRF:8
BRH:0
end_of_record
TN:
SF:src/components/Card.jsx
FN:7,(anonymous_0)
FN:8,(anonymous_1)
FN:10,Card
FN:26,(anonymous_3)
FN:48,(anonymous_4)
FN:72,(anonymous_5)
FN:91,(anonymous_6)
FN:92,(anonymous_7)
FNF:8
FNH:1
FNDA:0,(anonymous_0)
FNDA:0,(anonymous_1)
FNDA:10,Card
FNDA:0,(anonymous_3)
FNDA:0,(anonymous_4)
FNDA:0,(anonymous_5)
FNDA:0,(anonymous_6)
FNDA:0,(anonymous_7)
DA:7,1
DA:8,1
DA:11,10
DA:12,10
DA:13,10
DA:16,10
DA:20,10
DA:25,10
DA:26,0
DA:30,10
DA:48,0
DA:72,0
DA:91,0
DA:92,0
LF:14
LH:9
BRDA:51,0,0,10
BRDA:51,0,1,0
BRDA:62,1,0,10
BRDA:62,1,1,0
BRDA:69,2,0,10
BRDA:69,2,1,0
BRDA:81,3,0,10
BRDA:81,3,1,0
BRDA:88,4,0,10
BRDA:88,4,1,0
BRF:10
BRH:5
end_of_record
TN:
SF:src/components/CardDetailModal.jsx
FN:3,CardDetailModal
FN:7,(anonymous_1)
FN:16,handleClose
FN:28,(anonymous_3)
FN:36,(anonymous_4)
FNF:5
FNH:2
FNDA:1,CardDetailModal
FNDA:1,(anonymous_1)
FNDA:0,handleClose
FNDA:0,(anonymous_3)
FNDA:0,(anonymous_4)
DA:4,1
DA:5,1
DA:7,1
DA:8,1
DA:9,1
DA:10,1
DA:14,1
DA:17,0
DA:18,0
DA:21,1
DA:28,0
DA:36,0
LF:12
LH:8
BRDA:4,0,0,1
BRDA:4,0,1,0
BRDA:5,1,0,1
BRDA:5,1,1,0
BRDA:8,2,0,1
BRDA:8,2,1,0
BRDA:14,3,0,0
BRDA:14,3,1,1
BRF:8
BRH:4
end_of_record
TN:
SF:src/components/InlineEditor.jsx
FN:3,InlineEditor
FN:10,(anonymous_1)
FN:11,(anonymous_2)
FN:12,(anonymous_3)
FNF:4
FNH:2
FNDA:10,InlineEditor
FNDA:0,(anonymous_1)
FNDA:5,(anonymous_2)
FNDA:0,(anonymous_3)
DA:4,10
DA:6,10
DA:10,0
DA:11,5
DA:12,0
LF:5
LH:3
BRDA:12,0,0,0
BRDA:12,0,1,0
BRF:2
BRH:0
end_of_record
TN:
SF:src/components/ListColumn.jsx
FN:10,ListColumn
FN:23,(anonymous_1)
FN:25,(anonymous_2)
FN:32,(anonymous_3)
FN:40,(anonymous_4)
FN:47,(anonymous_5)
FNF:6
FNH:4
FNDA:10,ListColumn
FNDA:5,(anonymous_1)
FNDA:10,(anonymous_2)
FNDA:10,(anonymous_3)
FNDA:0,(anonymous_4)
FNDA:0,(anonymous_5)
DA:11,10
DA:13,10
DA:17,10
DA:23,5
DA:25,10
DA:33,10
DA:40,0
DA:47,0
LF:8
LH:6
BRF:0
BRH:0
end_of_record
TN:
SF:src/context/BoardProvider.jsx
FN:7,BoardProvider
FN:10,(anonymous_1)
FNF:2
FNH:2
FNDA:24,BoardProvider
FNDA:23,(anonymous_1)
DA:5,3
DA:8,24
DA:10,24
DA:11,23
DA:14,24
LF:5
LH:5
BRF:0
BRH:0
end_of_record
TN:
SF:src/context/boardReducer.js
FN:11,boardReducer
FN:34,(anonymous_1)
FN:51,(anonymous_2)
FN:78,(anonymous_3)
FN:82,(anonymous_4)
FN:104,(anonymous_5)
FN:106,(anonymous_6)
FN:115,(anonymous_7)
FN:118,(anonymous_8)
FN:125,(anonymous_9)
FN:137,(anonymous_10)
FN:139,(anonymous_11)
FN:155,(anonymous_12)
FN:187,stripHistory
FN:192,pushHistory
FNF:15
FNH:15
FNDA:36,boardReducer
FNDA:2,(anonymous_1)
FNDA:8,(anonymous_2)
FNDA:2,(anonymous_3)
FNDA:1,(anonymous_4)
FNDA:2,(anonymous_5)
FNDA:1,(anonymous_6)
FNDA:3,(anonymous_7)
FNDA:2,(anonymous_8)
FNDA:1,(anonymous_9)
FNDA:2,(anonymous_10)
FNDA:1,(anonymous_11)
FNDA:2,(anonymous_12)
FNDA:35,stripHistory
FNDA:30,pushHistory
DA:4,5
DA:12,36
DA:14,13
DA:28,13
DA:32,2
DA:35,2
DA:45,2
DA:49,7
DA:52,8
DA:70,7
DA:74,2
DA:76,2
DA:79,2
DA:83,1
DA:96,2
DA:100,2
DA:102,2
DA:105,2
DA:106,1
DA:110,2
DA:114,3
DA:115,3
DA:116,3
DA:118,2
DA:119,2
DA:122,2
DA:123,1
DA:125,1
DA:126,1
DA:131,1
DA:135,1
DA:137,1
DA:138,2
DA:139,1
DA:141,1
DA:142,1
DA:143,1
DA:144,1
DA:146,0
DA:149,1
DA:153,2
DA:156,2
DA:159,2
DA:163,3
DA:164,3
DA:165,3
DA:173,2
DA:174,2
DA:175,2
DA:183,0
DA:188,35
DA:189,35
DA:193,30
LF:53
LH:51
BRDA:12,0,0,13
BRDA:12,0,1,2
BRDA:12,0,2,7
BRDA:12,0,3,2
BRDA:12,0,4,2
BRDA:12,0,5,3
BRDA:12,0,6,2
BRDA:12,0,7,3
BRDA:12,0,8,2
BRDA:12,0,9,0
BRDA:35,1,0,1
BRDA:35,1,1,1
BRDA:52,2,0,6
BRDA:52,2,1,2
BRDA:79,3,0,1
BRDA:79,3,1,1
BRDA:83,4,0,1
BRDA:83,4,1,0
BRDA:105,5,0,1
BRDA:105,5,1,1
BRDA:116,6,0,1
BRDA:116,6,1,2
BRDA:119,7,0,0
BRDA:119,7,1,2
BRDA:122,8,0,1
BRDA:122,8,1,1
BRDA:123,9,0,0
BRDA:123,9,1,1
BRDA:126,10,0,0
BRDA:126,10,1,1
BRDA:138,11,0,1
BRDA:138,11,1,1
BRDA:141,12,0,1
BRDA:141,12,1,0
BRDA:156,13,0,1
BRDA:156,13,1,1
BRDA:163,14,0,0
BRDA:163,14,1,3
BRDA:173,15,0,0
BRDA:173,15,1,2
BRF:40
BRH:32
end_of_record
TN:
SF:src/hooks/useBoardState.js
FN:5,useBoardState
FN:9,optimisticDispatch
FN:21,(anonymous_2)
FN:24,(anonymous_3)
FN:27,(anonymous_4)
FN:30,(anonymous_5)
FN:33,(anonymous_6)
FN:39,(anonymous_7)
FN:45,(anonymous_8)
FN:47,(anonymous_9)
FN:48,(anonymous_10)
FNF:11
FNH:11
FNDA:18,useBoardState
FNDA:7,optimisticDispatch
FNDA:1,(anonymous_2)
FNDA:1,(anonymous_3)
FNDA:1,(anonymous_4)
FNDA:1,(anonymous_5)
FNDA:1,(anonymous_6)
FNDA:1,(anonymous_7)
FNDA:1,(anonymous_8)
FNDA:1,(anonymous_9)
FNDA:1,(anonymous_10)
DA:6,18
DA:7,18
DA:10,7
DA:11,7
DA:18,18
DA:22,1
DA:25,1
DA:28,1
DA:31,1
DA:34,1
DA:40,1
DA:45,1
DA:47,1
DA:48,1
LF:14
LH:14
BRDA:13,0,0,7
BRDA:13,0,1,6
BRF:2
BRH:2
end_of_record
TN:
SF:src/hooks/useOfflineSync.js
FN:5,useOfflineSync
FN:11,(anonymous_1)
FN:27,(anonymous_2)
FN:29,(anonymous_3)
FN:30,(anonymous_4)
FN:35,(anonymous_5)
FN:36,(anonymous_6)
FN:56,(anonymous_7)
FN:62,(anonymous_8)
FN:68,(anonymous_9)
FN:80,(anonymous_10)
FNF:11
FNH:6
FNDA:12,useOfflineSync
FNDA:8,(anonymous_1)
FNDA:0,(anonymous_2)
FNDA:0,(anonymous_3)
FNDA:0,(anonymous_4)
FNDA:0,(anonymous_5)
FNDA:0,(anonymous_6)
FNDA:12,(anonymous_7)
FNDA:12,(anonymous_8)
FNDA:8,(anonymous_9)
FNDA:6,(anonymous_10)
DA:6,12
DA:7,12
DA:8,12
DA:9,12
DA:11,12
DA:12,8
DA:13,8
DA:15,8
DA:17,8
DA:18,8
DA:20,8
DA:21,8
DA:23,7
DA:24,1
DA:28,0
DA:29,0
DA:30,0
DA:31,0
DA:32,0
DA:33,0
DA:34,0
DA:35,0
DA:36,0
DA:40,1
DA:43,6
DA:44,6
DA:45,6
DA:47,1
DA:48,1
DA:52,8
DA:56,12
DA:57,12
DA:59,12
DA:60,12
DA:62,12
DA:63,12
DA:64,12
DA:68,12
DA:69,8
DA:75,8
DA:76,8
DA:77,8
DA:80,12
DA:82,12
LF:44
LH:35
BRDA:12,0,0,0
BRDA:12,0,1,8
BRDA:23,1,0,1
BRDA:23,1,1,6
BRDA:23,2,0,7
BRDA:23,2,1,1
BRDA:28,3,0,0
BRDA:28,3,1,0
BRDA:31,4,0,0
BRDA:31,4,1,0
BRDA:71,5,0,8
BRDA:71,5,1,7
BRF:12
BRH:7
end_of_record
TN:
SF:src/services/api.js
FN:8,randomDelay
FN:9,(anonymous_1)
FN:13,maybeFail
FN:25,syncOperation
FN:44,(anonymous_4)
FN:54,(anonymous_5)
FN:69,(anonymous_6)
FN:83,(anonymous_7)
FN:84,(anonymous_8)
FN:90,(anonymous_9)
FN:92,(anonymous_10)
FN:95,(anonymous_11)
FN:103,(anonymous_12)
FN:104,(anonymous_13)
FN:107,(anonymous_14)
FN:110,(anonymous_15)
FN:131,getServerState
FNF:17
FNH:17
FNDA:23,randomDelay
FNDA:23,(anonymous_1)
FNDA:23,maybeFail
FNDA:23,syncOperation
FNDA:1,(anonymous_4)
FNDA:7,(anonymous_5)
FNDA:3,(anonymous_6)
FNDA:2,(anonymous_7)
FNDA:2,(anonymous_8)
FNDA:1,(anonymous_9)
FNDA:1,(anonymous_10)
FNDA:1,(anonymous_11)
FNDA:2,(anonymous_12)
FNDA:3,(anonymous_13)
FNDA:2,(anonymous_14)
FNDA:3,(anonymous_15)
FNDA:17,getServerState
DA:2,5
DA:9,23
DA:14,23
DA:15,0
DA:26,23
DA:27,23
DA:29,23
DA:31,23
DA:33,9
DA:41,9
DA:44,1
DA:45,1
DA:46,1
DA:47,1
DA:48,1
DA:50,1
DA:54,7
DA:55,7
DA:56,7
DA:61,7
DA:62,7
DA:64,7
DA:69,3
DA:70,3
DA:73,3
DA:74,1
DA:78,2
DA:79,2
DA:80,2
DA:83,2
DA:84,2
DA:85,2
DA:86,2
DA:90,1
DA:91,1
DA:92,1
DA:94,1
DA:95,1
DA:97,1
DA:101,2
DA:103,2
DA:104,3
DA:105,2
DA:107,2
DA:108,2
DA:110,3
DA:111,2
DA:114,2
DA:115,2
DA:116,2
DA:117,2
DA:121,0
DA:124,22
DA:132,17
LF:54
LH:52
BRDA:14,0,0,0
BRDA:14,0,1,23
BRDA:31,1,0,9
BRDA:31,1,1,1
BRDA:31,1,2,7
BRDA:31,1,3,3
BRDA:31,1,4,1
BRDA:31,1,5,2
BRDA:31,1,6,0
BRDA:45,2,0,1
BRDA:45,2,1,0
BRDA:55,3,0,7
BRDA:55,3,1,0
BRDA:70,4,0,0
BRDA:70,4,1,3
BRDA:73,5,0,1
BRDA:73,5,1,2
BRDA:85,6,0,2
BRDA:85,6,1,0
BRDA:91,7,0,1
BRDA:91,7,1,0
BRDA:105,8,0,0
BRDA:105,8,1,2
BRDA:105,9,0,2
BRDA:105,9,1,2
BRDA:108,10,0,0
BRDA:108,10,1,2
BRF:27
BRH:18
end_of_record
TN:
SF:src/storage/storage.js
FN:4,loadState
FN:22,saveState
FN:26,loadQueue
FN:34,saveQueue
FNF:4
FNH:4
FNDA:15,loadState
FNDA:23,saveState
FNDA:1,loadQueue
FNDA:2,saveQueue
DA:1,6
DA:2,6
DA:5,15
DA:6,15
DA:7,15
DA:9,13
DA:11,13
DA:18,0
DA:23,23
DA:27,1
DA:28,1
DA:30,0
DA:35,2
LF:13
LH:11
BRDA:7,0,0,2
BRDA:7,0,1,13
BRDA:14,1,0,13
BRDA:14,1,1,0
BRDA:15,2,0,13
BRDA:15,2,1,0
BRDA:28,3,0,1
BRDA:28,3,1,1
BRF:8
BRH:6
end_of_record
